TN:
SF:/home/bletchley/WorkSpace/2014_SoftwareTesting/Commission/Commission.cpp
FN:4,_Z10Commissioniii
FNDA:3,_Z10Commissioniii
FNF:1
FNH:1
BRDA:5,0,0,0
BRDA:5,0,1,3
BRDA:7,0,0,3
BRDA:7,0,1,0
BRDA:7,1,2,3
BRDA:7,1,3,0
BRDA:7,2,4,3
BRDA:7,2,5,0
BRDA:7,3,6,3
BRDA:7,3,7,0
BRDA:7,4,8,3
BRDA:7,4,9,0
BRDA:7,5,10,0
BRDA:7,5,11,3
BRDA:13,0,0,1
BRDA:13,0,1,2
BRDA:16,0,0,1
BRDA:16,0,1,1
BRF:18
BRH:11
DA:4,3
DA:5,3
DA:6,0
DA:7,3
DA:10,0
DA:12,3
DA:13,3
DA:15,1
DA:16,2
DA:18,1
DA:21,3
LF:11
LH:9
end_of_record
TN:
SF:/home/bletchley/WorkSpace/2014_SoftwareTesting/Commission/tests.cpp
FN:4,_Z41__static_initialization_and_destruction_0ii
FN:4,_ZN22BoundaryTest_Lock_TestD2Ev
FN:4,_ZN22BoundaryTest_Lock_TestC2Ev
FN:4,_ZN22BoundaryTest_Lock_Test8TestBodyEv
FN:4,_ZN22BoundaryTest_Lock_TestD0Ev
FN:16,_ZN23BoundaryTest_Stack_TestD2Ev
FN:16,_ZN23BoundaryTest_Stack_Test8TestBodyEv
FN:16,_ZN23BoundaryTest_Stack_TestC2Ev
FN:16,_ZN23BoundaryTest_Stack_TestD0Ev
FN:27,_ZN24BoundaryTest_Barrel_Test8TestBodyEv
FN:27,_ZN24BoundaryTest_Barrel_TestC2Ev
FN:27,_ZN24BoundaryTest_Barrel_TestD2Ev
FN:27,_ZN24BoundaryTest_Barrel_TestD0Ev
FN:38,_ZN33EquivalentClassTest_LESS1000_TestD0Ev
FN:38,_ZN33EquivalentClassTest_LESS1000_Test8TestBodyEv
FN:38,_ZN33EquivalentClassTest_LESS1000_TestC2Ev
FN:38,_ZN33EquivalentClassTest_LESS1000_TestD2Ev
FN:46,_ZN41EquivalentClassTest_MORE1000LESS1800_TestC2Ev
FN:46,_ZN41EquivalentClassTest_MORE1000LESS1800_TestD0Ev
FN:46,_ZN41EquivalentClassTest_MORE1000LESS1800_TestD2Ev
FN:46,_ZN41EquivalentClassTest_MORE1000LESS1800_Test8TestBodyEv
FN:54,_ZN33EquivalentClassTest_MORE1800_Test8TestBodyEv
FN:54,_ZN33EquivalentClassTest_MORE1800_TestD0Ev
FN:54,_ZN33EquivalentClassTest_MORE1800_TestD2Ev
FN:54,_ZN33EquivalentClassTest_MORE1800_TestC2Ev
FN:62,_ZN32EquivalentClassTest_INVALID_TestD0Ev
FN:62,_ZN32EquivalentClassTest_INVALID_TestD2Ev
FN:62,_ZN32EquivalentClassTest_INVALID_TestC2Ev
FN:62,_ZN32EquivalentClassTest_INVALID_Test8TestBodyEv
FN:70,_ZN22EdgeTest_LESS1000_Test8TestBodyEv
FN:70,_ZN22EdgeTest_LESS1000_TestD0Ev
FN:70,_ZN22EdgeTest_LESS1000_TestD2Ev
FN:70,_ZN22EdgeTest_LESS1000_TestC2Ev
FN:80,_ZN30EdgeTest_MORE1000LESS1800_TestD2Ev
FN:80,_ZN30EdgeTest_MORE1000LESS1800_Test8TestBodyEv
FN:80,_ZN30EdgeTest_MORE1000LESS1800_TestC2Ev
FN:80,_ZN30EdgeTest_MORE1000LESS1800_TestD0Ev
FN:92,_ZN22EdgeTest_MORE1800_TestD2Ev
FN:92,_ZN22EdgeTest_MORE1800_Test8TestBodyEv
FN:92,_ZN22EdgeTest_MORE1800_TestD0Ev
FN:92,_ZN22EdgeTest_MORE1800_TestC2Ev
FN:103,_ZN21EdgeTest_INVALID_TestD0Ev
FN:103,_ZN21EdgeTest_INVALID_TestC2Ev
FN:103,_ZN21EdgeTest_INVALID_TestD2Ev
FN:103,_ZN21EdgeTest_INVALID_Test8TestBodyEv
FN:114,_ZN23EdgeTest_TERMINATE_TestC2Ev
FN:114,_ZN23EdgeTest_TERMINATE_TestD2Ev
FN:114,_ZN23EdgeTest_TERMINATE_Test8TestBodyEv
FN:114,_ZN23EdgeTest_TERMINATE_TestD0Ev
FN:120,_ZN18Coverage_C0_1_Test8TestBodyEv
FN:120,_ZN18Coverage_C0_1_TestC2Ev
FN:120,_ZN18Coverage_C0_1_TestD0Ev
FN:120,_ZN18Coverage_C0_1_TestD2Ev
FN:126,main
FN:129,_GLOBAL__sub_I__ZN22BoundaryTest_Lock_Test10test_info_E
FNDA:0,_ZN22BoundaryTest_Lock_TestD0Ev
FNDA:0,_ZN22BoundaryTest_Lock_TestD2Ev
FNDA:0,_ZN22BoundaryTest_Lock_Test8TestBodyEv
FNDA:0,_ZN22BoundaryTest_Lock_TestC2Ev
FNDA:0,_ZN23BoundaryTest_Stack_TestD0Ev
FNDA:0,_ZN23BoundaryTest_Stack_TestD2Ev
FNDA:0,_ZN23BoundaryTest_Stack_Test8TestBodyEv
FNDA:0,_ZN23BoundaryTest_Stack_TestC2Ev
FNDA:0,_ZN24BoundaryTest_Barrel_TestD0Ev
FNDA:0,_ZN24BoundaryTest_Barrel_TestD2Ev
FNDA:0,_ZN24BoundaryTest_Barrel_Test8TestBodyEv
FNDA:0,_ZN24BoundaryTest_Barrel_TestC2Ev
FNDA:0,_ZN33EquivalentClassTest_LESS1000_TestD0Ev
FNDA:0,_ZN33EquivalentClassTest_LESS1000_TestD2Ev
FNDA:0,_ZN33EquivalentClassTest_LESS1000_Test8TestBodyEv
FNDA:0,_ZN33EquivalentClassTest_LESS1000_TestC2Ev
FNDA:0,_ZN41EquivalentClassTest_MORE1000LESS1800_TestD0Ev
FNDA:0,_ZN41EquivalentClassTest_MORE1000LESS1800_TestD2Ev
FNDA:0,_ZN41EquivalentClassTest_MORE1000LESS1800_Test8TestBodyEv
FNDA:0,_ZN41EquivalentClassTest_MORE1000LESS1800_TestC2Ev
FNDA:0,_ZN33EquivalentClassTest_MORE1800_TestD0Ev
FNDA:0,_ZN33EquivalentClassTest_MORE1800_TestD2Ev
FNDA:0,_ZN33EquivalentClassTest_MORE1800_Test8TestBodyEv
FNDA:0,_ZN33EquivalentClassTest_MORE1800_TestC2Ev
FNDA:0,_ZN32EquivalentClassTest_INVALID_TestD0Ev
FNDA:0,_ZN32EquivalentClassTest_INVALID_TestD2Ev
FNDA:0,_ZN32EquivalentClassTest_INVALID_Test8TestBodyEv
FNDA:0,_ZN32EquivalentClassTest_INVALID_TestC2Ev
FNDA:0,_ZN22EdgeTest_LESS1000_TestD0Ev
FNDA:0,_ZN22EdgeTest_LESS1000_TestD2Ev
FNDA:0,_ZN22EdgeTest_LESS1000_Test8TestBodyEv
FNDA:0,_ZN22EdgeTest_LESS1000_TestC2Ev
FNDA:0,_ZN30EdgeTest_MORE1000LESS1800_TestD0Ev
FNDA:0,_ZN30EdgeTest_MORE1000LESS1800_TestD2Ev
FNDA:0,_ZN30EdgeTest_MORE1000LESS1800_Test8TestBodyEv
FNDA:0,_ZN30EdgeTest_MORE1000LESS1800_TestC2Ev
FNDA:0,_ZN22EdgeTest_MORE1800_TestD0Ev
FNDA:0,_ZN22EdgeTest_MORE1800_TestD2Ev
FNDA:0,_ZN22EdgeTest_MORE1800_Test8TestBodyEv
FNDA:0,_ZN22EdgeTest_MORE1800_TestC2Ev
FNDA:0,_ZN21EdgeTest_INVALID_TestD0Ev
FNDA:0,_ZN21EdgeTest_INVALID_TestD2Ev
FNDA:0,_ZN21EdgeTest_INVALID_Test8TestBodyEv
FNDA:0,_ZN21EdgeTest_INVALID_TestC2Ev
FNDA:0,_ZN23EdgeTest_TERMINATE_TestD0Ev
FNDA:0,_ZN23EdgeTest_TERMINATE_TestD2Ev
FNDA:0,_ZN23EdgeTest_TERMINATE_Test8TestBodyEv
FNDA:0,_ZN23EdgeTest_TERMINATE_TestC2Ev
FNDA:1,_ZN18Coverage_C0_1_TestD0Ev
FNDA:1,_ZN18Coverage_C0_1_TestD2Ev
FNDA:1,_ZN18Coverage_C0_1_Test8TestBodyEv
FNDA:1,_ZN18Coverage_C0_1_TestC2Ev
FNDA:1,main
FNDA:1,_GLOBAL__sub_I__ZN22BoundaryTest_Lock_Test10test_info_E
FNDA:1,_Z41__static_initialization_and_destruction_0ii
FNF:55
FNH:7
BRDA:4,1,7,-
BRDA:4,1,8,-
BRDA:5,0,3,-
BRDA:5,0,4,-
BRDA:5,1,5,-
BRDA:5,1,6,-
BRDA:5,2,8,-
BRDA:5,2,9,-
BRDA:5,3,11,-
BRDA:5,3,12,-
BRDA:5,4,14,-
BRDA:5,4,15,-
BRDA:5,5,17,-
BRDA:5,5,18,-
BRDA:5,6,20,-
BRDA:5,6,21,-
BRDA:6,9999,3,-
BRDA:6,9999,4,-
BRDA:6,0,5,-
BRDA:6,0,6,-
BRDA:6,1,8,-
BRDA:6,1,9,-
BRDA:6,2,11,-
BRDA:6,2,12,-
BRDA:6,3,14,-
BRDA:6,3,15,-
BRDA:6,4,17,-
BRDA:6,4,18,-
BRDA:6,5,20,-
BRDA:6,5,21,-
BRDA:7,9999,3,-
BRDA:7,9999,4,-
BRDA:7,0,5,-
BRDA:7,0,6,-
BRDA:7,1,8,-
BRDA:7,1,9,-
BRDA:7,2,11,-
BRDA:7,2,12,-
BRDA:7,3,14,-
BRDA:7,3,15,-
BRDA:7,4,17,-
BRDA:7,4,18,-
BRDA:7,5,20,-
BRDA:7,5,21,-
BRDA:8,9999,3,-
BRDA:8,9999,4,-
BRDA:8,0,5,-
BRDA:8,0,6,-
BRDA:8,1,8,-
BRDA:8,1,9,-
BRDA:8,2,11,-
BRDA:8,2,12,-
BRDA:8,3,14,-
BRDA:8,3,15,-
BRDA:8,4,17,-
BRDA:8,4,18,-
BRDA:8,5,20,-
BRDA:8,5,21,-
BRDA:9,9999,3,-
BRDA:9,9999,4,-
BRDA:9,0,5,-
BRDA:9,0,6,-
BRDA:9,1,8,-
BRDA:9,1,9,-
BRDA:9,2,11,-
BRDA:9,2,12,-
BRDA:9,3,14,-
BRDA:9,3,15,-
BRDA:9,4,17,-
BRDA:9,4,18,-
BRDA:9,5,20,-
BRDA:9,5,21,-
BRDA:12,9999,3,-
BRDA:12,9999,4,-
BRDA:12,0,5,-
BRDA:12,0,6,-
BRDA:12,1,8,-
BRDA:12,1,9,-
BRDA:12,2,11,-
BRDA:12,2,12,-
BRDA:12,3,14,-
BRDA:12,3,15,-
BRDA:12,4,17,-
BRDA:12,4,18,-
BRDA:12,5,20,-
BRDA:12,5,21,-
BRDA:13,9999,3,-
BRDA:13,9999,4,-
BRDA:13,0,5,-
BRDA:13,0,6,-
BRDA:13,1,8,-
BRDA:13,1,9,-
BRDA:13,2,11,-
BRDA:13,2,12,-
BRDA:13,3,14,-
BRDA:13,3,15,-
BRDA:13,4,17,-
BRDA:13,4,18,-
BRDA:13,5,20,-
BRDA:13,5,21,-
BRDA:16,1,7,-
BRDA:16,1,8,-
BRDA:17,0,3,-
BRDA:17,0,4,-
BRDA:17,1,5,-
BRDA:17,1,6,-
BRDA:17,2,8,-
BRDA:17,2,9,-
BRDA:17,3,11,-
BRDA:17,3,12,-
BRDA:17,4,14,-
BRDA:17,4,15,-
BRDA:17,5,17,-
BRDA:17,5,18,-
BRDA:17,6,20,-
BRDA:17,6,21,-
BRDA:18,9999,3,-
BRDA:18,9999,4,-
BRDA:18,0,5,-
BRDA:18,0,6,-
BRDA:18,1,8,-
BRDA:18,1,9,-
BRDA:18,2,11,-
BRDA:18,2,12,-
BRDA:18,3,14,-
BRDA:18,3,15,-
BRDA:18,4,17,-
BRDA:18,4,18,-
BRDA:18,5,20,-
BRDA:18,5,21,-
BRDA:19,9999,3,-
BRDA:19,9999,4,-
BRDA:19,0,5,-
BRDA:19,0,6,-
BRDA:19,1,8,-
BRDA:19,1,9,-
BRDA:19,2,11,-
BRDA:19,2,12,-
BRDA:19,3,14,-
BRDA:19,3,15,-
BRDA:19,4,17,-
BRDA:19,4,18,-
BRDA:19,5,20,-
BRDA:19,5,21,-
BRDA:22,9999,3,-
BRDA:22,9999,4,-
BRDA:22,0,5,-
BRDA:22,0,6,-
BRDA:22,1,8,-
BRDA:22,1,9,-
BRDA:22,2,11,-
BRDA:22,2,12,-
BRDA:22,3,14,-
BRDA:22,3,15,-
BRDA:22,4,17,-
BRDA:22,4,18,-
BRDA:22,5,20,-
BRDA:22,5,21,-
BRDA:23,9999,3,-
BRDA:23,9999,4,-
BRDA:23,0,5,-
BRDA:23,0,6,-
BRDA:23,1,8,-
BRDA:23,1,9,-
BRDA:23,2,11,-
BRDA:23,2,12,-
BRDA:23,3,14,-
BRDA:23,3,15,-
BRDA:23,4,17,-
BRDA:23,4,18,-
BRDA:23,5,20,-
BRDA:23,5,21,-
BRDA:24,9999,3,-
BRDA:24,9999,4,-
BRDA:24,0,5,-
BRDA:24,0,6,-
BRDA:24,1,8,-
BRDA:24,1,9,-
BRDA:24,2,11,-
BRDA:24,2,12,-
BRDA:24,3,14,-
BRDA:24,3,15,-
BRDA:24,4,17,-
BRDA:24,4,18,-
BRDA:24,5,20,-
BRDA:24,5,21,-
BRDA:27,1,7,-
BRDA:27,1,8,-
BRDA:28,0,3,-
BRDA:28,0,4,-
BRDA:28,1,5,-
BRDA:28,1,6,-
BRDA:28,2,8,-
BRDA:28,2,9,-
BRDA:28,3,11,-
BRDA:28,3,12,-
BRDA:28,4,14,-
BRDA:28,4,15,-
BRDA:28,5,17,-
BRDA:28,5,18,-
BRDA:28,6,20,-
BRDA:28,6,21,-
BRDA:29,9999,3,-
BRDA:29,9999,4,-
BRDA:29,0,5,-
BRDA:29,0,6,-
BRDA:29,1,8,-
BRDA:29,1,9,-
BRDA:29,2,11,-
BRDA:29,2,12,-
BRDA:29,3,14,-
BRDA:29,3,15,-
BRDA:29,4,17,-
BRDA:29,4,18,-
BRDA:29,5,20,-
BRDA:29,5,21,-
BRDA:30,9999,3,-
BRDA:30,9999,4,-
BRDA:30,0,5,-
BRDA:30,0,6,-
BRDA:30,1,8,-
BRDA:30,1,9,-
BRDA:30,2,11,-
BRDA:30,2,12,-
BRDA:30,3,14,-
BRDA:30,3,15,-
BRDA:30,4,17,-
BRDA:30,4,18,-
BRDA:30,5,20,-
BRDA:30,5,21,-
BRDA:33,9999,3,-
BRDA:33,9999,4,-
BRDA:33,0,5,-
BRDA:33,0,6,-
BRDA:33,1,8,-
BRDA:33,1,9,-
BRDA:33,2,11,-
BRDA:33,2,12,-
BRDA:33,3,14,-
BRDA:33,3,15,-
BRDA:33,4,17,-
BRDA:33,4,18,-
BRDA:33,5,20,-
BRDA:33,5,21,-
BRDA:34,9999,3,-
BRDA:34,9999,4,-
BRDA:34,0,5,-
BRDA:34,0,6,-
BRDA:34,1,8,-
BRDA:34,1,9,-
BRDA:34,2,11,-
BRDA:34,2,12,-
BRDA:34,3,14,-
BRDA:34,3,15,-
BRDA:34,4,17,-
BRDA:34,4,18,-
BRDA:34,5,20,-
BRDA:34,5,21,-
BRDA:35,9999,3,-
BRDA:35,9999,4,-
BRDA:35,0,5,-
BRDA:35,0,6,-
BRDA:35,1,8,-
BRDA:35,1,9,-
BRDA:35,2,11,-
BRDA:35,2,12,-
BRDA:35,3,14,-
BRDA:35,3,15,-
BRDA:35,4,17,-
BRDA:35,4,18,-
BRDA:35,5,20,-
BRDA:35,5,21,-
BRDA:38,1,7,-
BRDA:38,1,8,-
BRDA:39,0,3,-
BRDA:39,0,4,-
BRDA:39,1,5,-
BRDA:39,1,6,-
BRDA:39,2,8,-
BRDA:39,2,9,-
BRDA:39,3,11,-
BRDA:39,3,12,-
BRDA:39,4,14,-
BRDA:39,4,15,-
BRDA:39,5,17,-
BRDA:39,5,18,-
BRDA:39,6,20,-
BRDA:39,6,21,-
BRDA:40,9999,3,-
BRDA:40,9999,4,-
BRDA:40,0,5,-
BRDA:40,0,6,-
BRDA:40,1,8,-
BRDA:40,1,9,-
BRDA:40,2,11,-
BRDA:40,2,12,-
BRDA:40,3,14,-
BRDA:40,3,15,-
BRDA:40,4,17,-
BRDA:40,4,18,-
BRDA:40,5,20,-
BRDA:40,5,21,-
BRDA:41,9999,3,-
BRDA:41,9999,4,-
BRDA:41,0,5,-
BRDA:41,0,6,-
BRDA:41,1,8,-
BRDA:41,1,9,-
BRDA:41,2,11,-
BRDA:41,2,12,-
BRDA:41,3,14,-
BRDA:41,3,15,-
BRDA:41,4,17,-
BRDA:41,4,18,-
BRDA:41,5,20,-
BRDA:41,5,21,-
BRDA:42,9999,3,-
BRDA:42,9999,4,-
BRDA:42,0,5,-
BRDA:42,0,6,-
BRDA:42,1,8,-
BRDA:42,1,9,-
BRDA:42,2,11,-
BRDA:42,2,12,-
BRDA:42,3,14,-
BRDA:42,3,15,-
BRDA:42,4,17,-
BRDA:42,4,18,-
BRDA:42,5,20,-
BRDA:42,5,21,-
BRDA:43,9999,3,-
BRDA:43,9999,4,-
BRDA:43,0,5,-
BRDA:43,0,6,-
BRDA:43,1,8,-
BRDA:43,1,9,-
BRDA:43,2,11,-
BRDA:43,2,12,-
BRDA:43,3,14,-
BRDA:43,3,15,-
BRDA:43,4,17,-
BRDA:43,4,18,-
BRDA:43,5,20,-
BRDA:43,5,21,-
BRDA:46,1,7,-
BRDA:46,1,8,-
BRDA:47,0,3,-
BRDA:47,0,4,-
BRDA:47,1,5,-
BRDA:47,1,6,-
BRDA:47,2,8,-
BRDA:47,2,9,-
BRDA:47,3,11,-
BRDA:47,3,12,-
BRDA:47,4,14,-
BRDA:47,4,15,-
BRDA:47,5,17,-
BRDA:47,5,18,-
BRDA:47,6,20,-
BRDA:47,6,21,-
BRDA:48,9999,3,-
BRDA:48,9999,4,-
BRDA:48,0,5,-
BRDA:48,0,6,-
BRDA:48,1,8,-
BRDA:48,1,9,-
BRDA:48,2,11,-
BRDA:48,2,12,-
BRDA:48,3,14,-
BRDA:48,3,15,-
BRDA:48,4,17,-
BRDA:48,4,18,-
BRDA:48,5,20,-
BRDA:48,5,21,-
BRDA:49,9999,3,-
BRDA:49,9999,4,-
BRDA:49,0,5,-
BRDA:49,0,6,-
BRDA:49,1,8,-
BRDA:49,1,9,-
BRDA:49,2,11,-
BRDA:49,2,12,-
BRDA:49,3,14,-
BRDA:49,3,15,-
BRDA:49,4,17,-
BRDA:49,4,18,-
BRDA:49,5,20,-
BRDA:49,5,21,-
BRDA:50,9999,3,-
BRDA:50,9999,4,-
BRDA:50,0,5,-
BRDA:50,0,6,-
BRDA:50,1,8,-
BRDA:50,1,9,-
BRDA:50,2,11,-
BRDA:50,2,12,-
BRDA:50,3,14,-
BRDA:50,3,15,-
BRDA:50,4,17,-
BRDA:50,4,18,-
BRDA:50,5,20,-
BRDA:50,5,21,-
BRDA:51,9999,3,-
BRDA:51,9999,4,-
BRDA:51,0,5,-
BRDA:51,0,6,-
BRDA:51,1,8,-
BRDA:51,1,9,-
BRDA:51,2,11,-
BRDA:51,2,12,-
BRDA:51,3,14,-
BRDA:51,3,15,-
BRDA:51,4,17,-
BRDA:51,4,18,-
BRDA:51,5,20,-
BRDA:51,5,21,-
BRDA:54,1,7,-
BRDA:54,1,8,-
BRDA:55,0,3,-
BRDA:55,0,4,-
BRDA:55,1,5,-
BRDA:55,1,6,-
BRDA:55,2,8,-
BRDA:55,2,9,-
BRDA:55,3,11,-
BRDA:55,3,12,-
BRDA:55,4,14,-
BRDA:55,4,15,-
BRDA:55,5,17,-
BRDA:55,5,18,-
BRDA:55,6,20,-
BRDA:55,6,21,-
BRDA:56,9999,3,-
BRDA:56,9999,4,-
BRDA:56,0,5,-
BRDA:56,0,6,-
BRDA:56,1,8,-
BRDA:56,1,9,-
BRDA:56,2,11,-
BRDA:56,2,12,-
BRDA:56,3,14,-
BRDA:56,3,15,-
BRDA:56,4,17,-
BRDA:56,4,18,-
BRDA:56,5,20,-
BRDA:56,5,21,-
BRDA:57,9999,3,-
BRDA:57,9999,4,-
BRDA:57,0,5,-
BRDA:57,0,6,-
BRDA:57,1,8,-
BRDA:57,1,9,-
BRDA:57,2,11,-
BRDA:57,2,12,-
BRDA:57,3,14,-
BRDA:57,3,15,-
BRDA:57,4,17,-
BRDA:57,4,18,-
BRDA:57,5,20,-
BRDA:57,5,21,-
BRDA:58,9999,3,-
BRDA:58,9999,4,-
BRDA:58,0,5,-
BRDA:58,0,6,-
BRDA:58,1,8,-
BRDA:58,1,9,-
BRDA:58,2,11,-
BRDA:58,2,12,-
BRDA:58,3,14,-
BRDA:58,3,15,-
BRDA:58,4,17,-
BRDA:58,4,18,-
BRDA:58,5,20,-
BRDA:58,5,21,-
BRDA:59,9999,3,-
BRDA:59,9999,4,-
BRDA:59,0,5,-
BRDA:59,0,6,-
BRDA:59,1,8,-
BRDA:59,1,9,-
BRDA:59,2,11,-
BRDA:59,2,12,-
BRDA:59,3,14,-
BRDA:59,3,15,-
BRDA:59,4,17,-
BRDA:59,4,18,-
BRDA:59,5,20,-
BRDA:59,5,21,-
BRDA:62,1,7,-
BRDA:62,1,8,-
BRDA:63,0,3,-
BRDA:63,0,4,-
BRDA:63,1,5,-
BRDA:63,1,6,-
BRDA:63,2,8,-
BRDA:63,2,9,-
BRDA:63,3,11,-
BRDA:63,3,12,-
BRDA:63,4,14,-
BRDA:63,4,15,-
BRDA:63,5,17,-
BRDA:63,5,18,-
BRDA:63,6,20,-
BRDA:63,6,21,-
BRDA:64,9999,3,-
BRDA:64,9999,4,-
BRDA:64,0,5,-
BRDA:64,0,6,-
BRDA:64,1,8,-
BRDA:64,1,9,-
BRDA:64,2,11,-
BRDA:64,2,12,-
BRDA:64,3,14,-
BRDA:64,3,15,-
BRDA:64,4,17,-
BRDA:64,4,18,-
BRDA:64,5,20,-
BRDA:64,5,21,-
BRDA:65,9999,3,-
BRDA:65,9999,4,-
BRDA:65,0,5,-
BRDA:65,0,6,-
BRDA:65,1,8,-
BRDA:65,1,9,-
BRDA:65,2,11,-
BRDA:65,2,12,-
BRDA:65,3,14,-
BRDA:65,3,15,-
BRDA:65,4,17,-
BRDA:65,4,18,-
BRDA:65,5,20,-
BRDA:65,5,21,-
BRDA:66,9999,3,-
BRDA:66,9999,4,-
BRDA:66,0,5,-
BRDA:66,0,6,-
BRDA:66,1,8,-
BRDA:66,1,9,-
BRDA:66,2,11,-
BRDA:66,2,12,-
BRDA:66,3,14,-
BRDA:66,3,15,-
BRDA:66,4,17,-
BRDA:66,4,18,-
BRDA:66,5,20,-
BRDA:66,5,21,-
BRDA:67,9999,3,-
BRDA:67,9999,4,-
BRDA:67,0,5,-
BRDA:67,0,6,-
BRDA:67,1,8,-
BRDA:67,1,9,-
BRDA:67,2,11,-
BRDA:67,2,12,-
BRDA:67,3,14,-
BRDA:67,3,15,-
BRDA:67,4,17,-
BRDA:67,4,18,-
BRDA:67,5,20,-
BRDA:67,5,21,-
BRDA:70,1,7,-
BRDA:70,1,8,-
BRDA:71,0,3,-
BRDA:71,0,4,-
BRDA:71,1,5,-
BRDA:71,1,6,-
BRDA:71,2,8,-
BRDA:71,2,9,-
BRDA:71,3,11,-
BRDA:71,3,12,-
BRDA:71,4,14,-
BRDA:71,4,15,-
BRDA:71,5,17,-
BRDA:71,5,18,-
BRDA:71,6,20,-
BRDA:71,6,21,-
BRDA:72,9999,3,-
BRDA:72,9999,4,-
BRDA:72,0,5,-
BRDA:72,0,6,-
BRDA:72,1,8,-
BRDA:72,1,9,-
BRDA:72,2,11,-
BRDA:72,2,12,-
BRDA:72,3,14,-
BRDA:72,3,15,-
BRDA:72,4,17,-
BRDA:72,4,18,-
BRDA:72,5,20,-
BRDA:72,5,21,-
BRDA:73,9999,3,-
BRDA:73,9999,4,-
BRDA:73,0,5,-
BRDA:73,0,6,-
BRDA:73,1,8,-
BRDA:73,1,9,-
BRDA:73,2,11,-
BRDA:73,2,12,-
BRDA:73,3,14,-
BRDA:73,3,15,-
BRDA:73,4,17,-
BRDA:73,4,18,-
BRDA:73,5,20,-
BRDA:73,5,21,-
BRDA:74,9999,3,-
BRDA:74,9999,4,-
BRDA:74,0,5,-
BRDA:74,0,6,-
BRDA:74,1,8,-
BRDA:74,1,9,-
BRDA:74,2,11,-
BRDA:74,2,12,-
BRDA:74,3,14,-
BRDA:74,3,15,-
BRDA:74,4,17,-
BRDA:74,4,18,-
BRDA:74,5,20,-
BRDA:74,5,21,-
BRDA:75,9999,3,-
BRDA:75,9999,4,-
BRDA:75,0,5,-
BRDA:75,0,6,-
BRDA:75,1,8,-
BRDA:75,1,9,-
BRDA:75,2,11,-
BRDA:75,2,12,-
BRDA:75,3,14,-
BRDA:75,3,15,-
BRDA:75,4,17,-
BRDA:75,4,18,-
BRDA:75,5,20,-
BRDA:75,5,21,-
BRDA:76,9999,3,-
BRDA:76,9999,4,-
BRDA:76,0,5,-
BRDA:76,0,6,-
BRDA:76,1,8,-
BRDA:76,1,9,-
BRDA:76,2,11,-
BRDA:76,2,12,-
BRDA:76,3,14,-
BRDA:76,3,15,-
BRDA:76,4,17,-
BRDA:76,4,18,-
BRDA:76,5,20,-
BRDA:76,5,21,-
BRDA:77,9999,3,-
BRDA:77,9999,4,-
BRDA:77,0,5,-
BRDA:77,0,6,-
BRDA:77,1,8,-
BRDA:77,1,9,-
BRDA:77,2,11,-
BRDA:77,2,12,-
BRDA:77,3,14,-
BRDA:77,3,15,-
BRDA:77,4,17,-
BRDA:77,4,18,-
BRDA:77,5,20,-
BRDA:77,5,21,-
BRDA:80,1,7,-
BRDA:80,1,8,-
BRDA:81,0,3,-
BRDA:81,0,4,-
BRDA:81,1,5,-
BRDA:81,1,6,-
BRDA:81,2,8,-
BRDA:81,2,9,-
BRDA:81,3,11,-
BRDA:81,3,12,-
BRDA:81,4,14,-
BRDA:81,4,15,-
BRDA:81,5,17,-
BRDA:81,5,18,-
BRDA:81,6,20,-
BRDA:81,6,21,-
BRDA:82,9999,3,-
BRDA:82,9999,4,-
BRDA:82,0,5,-
BRDA:82,0,6,-
BRDA:82,1,8,-
BRDA:82,1,9,-
BRDA:82,2,11,-
BRDA:82,2,12,-
BRDA:82,3,14,-
BRDA:82,3,15,-
BRDA:82,4,17,-
BRDA:82,4,18,-
BRDA:82,5,20,-
BRDA:82,5,21,-
BRDA:83,9999,3,-
BRDA:83,9999,4,-
BRDA:83,0,5,-
BRDA:83,0,6,-
BRDA:83,1,8,-
BRDA:83,1,9,-
BRDA:83,2,11,-
BRDA:83,2,12,-
BRDA:83,3,14,-
BRDA:83,3,15,-
BRDA:83,4,17,-
BRDA:83,4,18,-
BRDA:83,5,20,-
BRDA:83,5,21,-
BRDA:84,9999,3,-
BRDA:84,9999,4,-
BRDA:84,0,5,-
BRDA:84,0,6,-
BRDA:84,1,8,-
BRDA:84,1,9,-
BRDA:84,2,11,-
BRDA:84,2,12,-
BRDA:84,3,14,-
BRDA:84,3,15,-
BRDA:84,4,17,-
BRDA:84,4,18,-
BRDA:84,5,20,-
BRDA:84,5,21,-
BRDA:85,9999,3,-
BRDA:85,9999,4,-
BRDA:85,0,5,-
BRDA:85,0,6,-
BRDA:85,1,8,-
BRDA:85,1,9,-
BRDA:85,2,11,-
BRDA:85,2,12,-
BRDA:85,3,14,-
BRDA:85,3,15,-
BRDA:85,4,17,-
BRDA:85,4,18,-
BRDA:85,5,20,-
BRDA:85,5,21,-
BRDA:86,9999,3,-
BRDA:86,9999,4,-
BRDA:86,0,5,-
BRDA:86,0,6,-
BRDA:86,1,8,-
BRDA:86,1,9,-
BRDA:86,2,11,-
BRDA:86,2,12,-
BRDA:86,3,14,-
BRDA:86,3,15,-
BRDA:86,4,17,-
BRDA:86,4,18,-
BRDA:86,5,20,-
BRDA:86,5,21,-
BRDA:87,9999,3,-
BRDA:87,9999,4,-
BRDA:87,0,5,-
BRDA:87,0,6,-
BRDA:87,1,8,-
BRDA:87,1,9,-
BRDA:87,2,11,-
BRDA:87,2,12,-
BRDA:87,3,14,-
BRDA:87,3,15,-
BRDA:87,4,17,-
BRDA:87,4,18,-
BRDA:87,5,20,-
BRDA:87,5,21,-
BRDA:88,9999,3,-
BRDA:88,9999,4,-
BRDA:88,0,5,-
BRDA:88,0,6,-
BRDA:88,1,8,-
BRDA:88,1,9,-
BRDA:88,2,11,-
BRDA:88,2,12,-
BRDA:88,3,14,-
BRDA:88,3,15,-
BRDA:88,4,17,-
BRDA:88,4,18,-
BRDA:88,5,20,-
BRDA:88,5,21,-
BRDA:92,1,7,-
BRDA:92,1,8,-
BRDA:93,0,3,-
BRDA:93,0,4,-
BRDA:93,1,5,-
BRDA:93,1,6,-
BRDA:93,2,8,-
BRDA:93,2,9,-
BRDA:93,3,11,-
BRDA:93,3,12,-
BRDA:93,4,14,-
BRDA:93,4,15,-
BRDA:93,5,17,-
BRDA:93,5,18,-
BRDA:93,6,20,-
BRDA:93,6,21,-
BRDA:94,9999,3,-
BRDA:94,9999,4,-
BRDA:94,0,5,-
BRDA:94,0,6,-
BRDA:94,1,8,-
BRDA:94,1,9,-
BRDA:94,2,11,-
BRDA:94,2,12,-
BRDA:94,3,14,-
BRDA:94,3,15,-
BRDA:94,4,17,-
BRDA:94,4,18,-
BRDA:94,5,20,-
BRDA:94,5,21,-
BRDA:95,9999,3,-
BRDA:95,9999,4,-
BRDA:95,0,5,-
BRDA:95,0,6,-
BRDA:95,1,8,-
BRDA:95,1,9,-
BRDA:95,2,11,-
BRDA:95,2,12,-
BRDA:95,3,14,-
BRDA:95,3,15,-
BRDA:95,4,17,-
BRDA:95,4,18,-
BRDA:95,5,20,-
BRDA:95,5,21,-
BRDA:96,9999,3,-
BRDA:96,9999,4,-
BRDA:96,0,5,-
BRDA:96,0,6,-
BRDA:96,1,8,-
BRDA:96,1,9,-
BRDA:96,2,11,-
BRDA:96,2,12,-
BRDA:96,3,14,-
BRDA:96,3,15,-
BRDA:96,4,17,-
BRDA:96,4,18,-
BRDA:96,5,20,-
BRDA:96,5,21,-
BRDA:97,9999,3,-
BRDA:97,9999,4,-
BRDA:97,0,5,-
BRDA:97,0,6,-
BRDA:97,1,8,-
BRDA:97,1,9,-
BRDA:97,2,11,-
BRDA:97,2,12,-
BRDA:97,3,14,-
BRDA:97,3,15,-
BRDA:97,4,17,-
BRDA:97,4,18,-
BRDA:97,5,20,-
BRDA:97,5,21,-
BRDA:98,9999,3,-
BRDA:98,9999,4,-
BRDA:98,0,5,-
BRDA:98,0,6,-
BRDA:98,1,8,-
BRDA:98,1,9,-
BRDA:98,2,11,-
BRDA:98,2,12,-
BRDA:98,3,14,-
BRDA:98,3,15,-
BRDA:98,4,17,-
BRDA:98,4,18,-
BRDA:98,5,20,-
BRDA:98,5,21,-
BRDA:99,9999,3,-
BRDA:99,9999,4,-
BRDA:99,0,5,-
BRDA:99,0,6,-
BRDA:99,1,8,-
BRDA:99,1,9,-
BRDA:99,2,11,-
BRDA:99,2,12,-
BRDA:99,3,14,-
BRDA:99,3,15,-
BRDA:99,4,17,-
BRDA:99,4,18,-
BRDA:99,5,20,-
BRDA:99,5,21,-
BRDA:100,9999,3,-
BRDA:100,9999,4,-
BRDA:100,0,5,-
BRDA:100,0,6,-
BRDA:100,1,8,-
BRDA:100,1,9,-
BRDA:100,2,11,-
BRDA:100,2,12,-
BRDA:100,3,14,-
BRDA:100,3,15,-
BRDA:100,4,17,-
BRDA:100,4,18,-
BRDA:100,5,20,-
BRDA:100,5,21,-
BRDA:103,1,7,-
BRDA:103,1,8,-
BRDA:104,0,3,-
BRDA:104,0,4,-
BRDA:104,1,5,-
BRDA:104,1,6,-
BRDA:104,2,8,-
BRDA:104,2,9,-
BRDA:104,3,11,-
BRDA:104,3,12,-
BRDA:104,4,14,-
BRDA:104,4,15,-
BRDA:104,5,17,-
BRDA:104,5,18,-
BRDA:104,6,20,-
BRDA:104,6,21,-
BRDA:105,9999,3,-
BRDA:105,9999,4,-
BRDA:105,0,5,-
BRDA:105,0,6,-
BRDA:105,1,8,-
BRDA:105,1,9,-
BRDA:105,2,11,-
BRDA:105,2,12,-
BRDA:105,3,14,-
BRDA:105,3,15,-
BRDA:105,4,17,-
BRDA:105,4,18,-
BRDA:105,5,20,-
BRDA:105,5,21,-
BRDA:106,9999,3,-
BRDA:106,9999,4,-
BRDA:106,0,5,-
BRDA:106,0,6,-
BRDA:106,1,8,-
BRDA:106,1,9,-
BRDA:106,2,11,-
BRDA:106,2,12,-
BRDA:106,3,14,-
BRDA:106,3,15,-
BRDA:106,4,17,-
BRDA:106,4,18,-
BRDA:106,5,20,-
BRDA:106,5,21,-
BRDA:107,9999,3,-
BRDA:107,9999,4,-
BRDA:107,0,5,-
BRDA:107,0,6,-
BRDA:107,1,8,-
BRDA:107,1,9,-
BRDA:107,2,11,-
BRDA:107,2,12,-
BRDA:107,3,14,-
BRDA:107,3,15,-
BRDA:107,4,17,-
BRDA:107,4,18,-
BRDA:107,5,20,-
BRDA:107,5,21,-
BRDA:108,9999,3,-
BRDA:108,9999,4,-
BRDA:108,0,5,-
BRDA:108,0,6,-
BRDA:108,1,8,-
BRDA:108,1,9,-
BRDA:108,2,11,-
BRDA:108,2,12,-
BRDA:108,3,14,-
BRDA:108,3,15,-
BRDA:108,4,17,-
BRDA:108,4,18,-
BRDA:108,5,20,-
BRDA:108,5,21,-
BRDA:109,9999,3,-
BRDA:109,9999,4,-
BRDA:109,0,5,-
BRDA:109,0,6,-
BRDA:109,1,8,-
BRDA:109,1,9,-
BRDA:109,2,11,-
BRDA:109,2,12,-
BRDA:109,3,14,-
BRDA:109,3,15,-
BRDA:109,4,17,-
BRDA:109,4,18,-
BRDA:109,5,20,-
BRDA:109,5,21,-
BRDA:110,9999,3,-
BRDA:110,9999,4,-
BRDA:110,0,5,-
BRDA:110,0,6,-
BRDA:110,1,8,-
BRDA:110,1,9,-
BRDA:110,2,11,-
BRDA:110,2,12,-
BRDA:110,3,14,-
BRDA:110,3,15,-
BRDA:110,4,17,-
BRDA:110,4,18,-
BRDA:110,5,20,-
BRDA:110,5,21,-
BRDA:111,9999,3,-
BRDA:111,9999,4,-
BRDA:111,0,5,-
BRDA:111,0,6,-
BRDA:111,1,8,-
BRDA:111,1,9,-
BRDA:111,2,11,-
BRDA:111,2,12,-
BRDA:111,3,14,-
BRDA:111,3,15,-
BRDA:111,4,17,-
BRDA:111,4,18,-
BRDA:111,5,20,-
BRDA:111,5,21,-
BRDA:114,1,7,-
BRDA:114,1,8,-
BRDA:115,0,1,-
BRDA:115,0,2,-
BRDA:115,1,4,-
BRDA:115,1,5,-
BRDA:115,2,7,-
BRDA:115,2,8,-
BRDA:115,4,9,-
BRDA:115,4,10,-
BRDA:115,5,12,-
BRDA:115,5,13,-
BRDA:115,6,15,-
BRDA:115,6,16,-
BRDA:115,6,17,-
BRDA:115,7,18,-
BRDA:115,7,19,-
BRDA:115,8,21,-
BRDA:115,8,22,-
BRDA:115,9,24,-
BRDA:115,9,25,-
BRDA:115,10,27,-
BRDA:115,10,28,-
BRDA:115,11,30,-
BRDA:115,11,31,-
BRDA:115,14,33,-
BRDA:115,14,34,-
BRDA:115,15,36,-
BRDA:115,15,37,-
BRDA:115,16,38,-
BRDA:115,16,39,-
BRDA:115,17,41,-
BRDA:115,17,42,-
BRDA:115,18,44,-
BRDA:115,18,45,-
BRDA:115,21,47,-
BRDA:115,21,48,-
BRDA:115,22,50,-
BRDA:115,22,51,-
BRDA:115,25,53,-
BRDA:115,25,54,-
BRDA:115,26,56,-
BRDA:115,26,57,-
BRDA:115,27,59,-
BRDA:115,27,60,-
BRDA:115,28,62,-
BRDA:115,28,63,-
BRDA:115,29,65,-
BRDA:115,29,66,-
BRDA:115,34,72,-
BRDA:115,34,73,-
BRDA:115,35,76,-
BRDA:115,35,77,-
BRDA:115,36,79,-
BRDA:115,36,80,-
BRDA:115,37,82,-
BRDA:115,37,83,-
BRDA:115,38,85,-
BRDA:115,38,86,-
BRDA:115,39,88,-
BRDA:115,39,89,-
BRDA:115,40,91,-
BRDA:115,40,92,-
BRDA:115,42,96,-
BRDA:115,42,97,-
BRDA:115,43,99,-
BRDA:115,43,100,-
BRDA:116,0,1,-
BRDA:116,0,2,-
BRDA:116,1,4,-
BRDA:116,1,5,-
BRDA:116,2,7,-
BRDA:116,2,8,-
BRDA:116,4,9,-
BRDA:116,4,10,-
BRDA:116,5,12,-
BRDA:116,5,13,-
BRDA:116,6,15,-
BRDA:116,6,16,-
BRDA:116,6,17,-
BRDA:116,7,18,-
BRDA:116,7,19,-
BRDA:116,8,21,-
BRDA:116,8,22,-
BRDA:116,9,24,-
BRDA:116,9,25,-
BRDA:116,10,27,-
BRDA:116,10,28,-
BRDA:116,11,30,-
BRDA:116,11,31,-
BRDA:116,14,33,-
BRDA:116,14,34,-
BRDA:116,15,36,-
BRDA:116,15,37,-
BRDA:116,16,38,-
BRDA:116,16,39,-
BRDA:116,17,41,-
BRDA:116,17,42,-
BRDA:116,18,44,-
BRDA:116,18,45,-
BRDA:116,21,47,-
BRDA:116,21,48,-
BRDA:116,22,50,-
BRDA:116,22,51,-
BRDA:116,25,53,-
BRDA:116,25,54,-
BRDA:116,26,56,-
BRDA:116,26,57,-
BRDA:116,27,59,-
BRDA:116,27,60,-
BRDA:116,28,62,-
BRDA:116,28,63,-
BRDA:116,29,65,-
BRDA:116,29,66,-
BRDA:116,34,72,-
BRDA:116,34,73,-
BRDA:116,35,76,-
BRDA:116,35,77,-
BRDA:116,36,79,-
BRDA:116,36,80,-
BRDA:116,37,82,-
BRDA:116,37,83,-
BRDA:116,38,85,-
BRDA:116,38,86,-
BRDA:116,39,88,-
BRDA:116,39,89,-
BRDA:116,40,91,-
BRDA:116,40,92,-
BRDA:116,42,96,-
BRDA:116,42,97,-
BRDA:116,43,99,-
BRDA:116,43,100,-
BRDA:117,0,1,-
BRDA:117,0,2,-
BRDA:117,1,4,-
BRDA:117,1,5,-
BRDA:117,2,7,-
BRDA:117,2,8,-
BRDA:117,4,9,-
BRDA:117,4,10,-
BRDA:117,5,12,-
BRDA:117,5,13,-
BRDA:117,6,15,-
BRDA:117,6,16,-
BRDA:117,6,17,-
BRDA:117,7,18,-
BRDA:117,7,19,-
BRDA:117,8,21,-
BRDA:117,8,22,-
BRDA:117,9,24,-
BRDA:117,9,25,-
BRDA:117,10,27,-
BRDA:117,10,28,-
BRDA:117,11,30,-
BRDA:117,11,31,-
BRDA:117,14,33,-
BRDA:117,14,34,-
BRDA:117,15,36,-
BRDA:117,15,37,-
BRDA:117,16,38,-
BRDA:117,16,39,-
BRDA:117,17,41,-
BRDA:117,17,42,-
BRDA:117,18,44,-
BRDA:117,18,45,-
BRDA:117,21,47,-
BRDA:117,21,48,-
BRDA:117,22,50,-
BRDA:117,22,51,-
BRDA:117,25,53,-
BRDA:117,25,54,-
BRDA:117,26,56,-
BRDA:117,26,57,-
BRDA:117,27,59,-
BRDA:117,27,60,-
BRDA:117,28,62,-
BRDA:117,28,63,-
BRDA:117,29,65,-
BRDA:117,29,66,-
BRDA:117,34,72,-
BRDA:117,34,73,-
BRDA:117,35,76,-
BRDA:117,35,77,-
BRDA:117,36,79,-
BRDA:117,36,80,-
BRDA:117,37,82,-
BRDA:117,37,83,-
BRDA:117,38,85,-
BRDA:117,38,86,-
BRDA:117,39,88,-
BRDA:117,39,89,-
BRDA:117,40,91,-
BRDA:117,40,92,-
BRDA:117,42,96,-
BRDA:117,42,97,-
BRDA:117,43,99,-
BRDA:117,43,100,-
BRDA:120,1,7,0
BRDA:120,1,8,1
BRDA:121,0,3,0
BRDA:121,0,4,1
BRDA:121,1,5,-
BRDA:121,1,6,-
BRDA:121,2,8,-
BRDA:121,2,9,-
BRDA:121,3,11,-
BRDA:121,3,12,-
BRDA:121,4,14,-
BRDA:121,4,15,-
BRDA:121,5,17,-
BRDA:121,5,18,-
BRDA:121,6,20,-
BRDA:121,6,21,-
BRDA:122,9999,3,0
BRDA:122,9999,4,1
BRDA:122,0,5,-
BRDA:122,0,6,-
BRDA:122,1,8,-
BRDA:122,1,9,-
BRDA:122,2,11,-
BRDA:122,2,12,-
BRDA:122,3,14,-
BRDA:122,3,15,-
BRDA:122,4,17,-
BRDA:122,4,18,-
BRDA:122,5,20,-
BRDA:122,5,21,-
BRDA:123,9999,3,0
BRDA:123,9999,4,1
BRDA:123,0,5,-
BRDA:123,0,6,-
BRDA:123,1,8,-
BRDA:123,1,9,-
BRDA:123,2,11,-
BRDA:123,2,12,-
BRDA:123,3,14,-
BRDA:123,3,15,-
BRDA:123,4,17,-
BRDA:123,4,18,-
BRDA:123,5,20,-
BRDA:123,5,21,-
BRDA:129,1,1,1
BRDA:129,1,2,0
BRDA:129,2,3,1
BRDA:129,2,4,0
BRF:1247
BRH:6
DA:4,1
DA:5,0
DA:6,0
DA:7,0
DA:8,0
DA:9,0
DA:12,0
DA:13,0
DA:14,0
DA:16,1
DA:17,0
DA:18,0
DA:19,0
DA:22,0
DA:23,0
DA:24,0
DA:25,0
DA:27,1
DA:28,0
DA:29,0
DA:30,0
DA:33,0
DA:34,0
DA:35,0
DA:36,0
DA:38,1
DA:39,0
DA:40,0
DA:41,0
DA:42,0
DA:43,0
DA:44,0
DA:46,1
DA:47,0
DA:48,0
DA:49,0
DA:50,0
DA:51,0
DA:52,0
DA:54,1
DA:55,0
DA:56,0
DA:57,0
DA:58,0
DA:59,0
DA:60,0
DA:62,1
DA:63,0
DA:64,0
DA:65,0
DA:66,0
DA:67,0
DA:68,0
DA:70,1
DA:71,0
DA:72,0
DA:73,0
DA:74,0
DA:75,0
DA:76,0
DA:77,0
DA:78,0
DA:80,1
DA:81,0
DA:82,0
DA:83,0
DA:84,0
DA:85,0
DA:86,0
DA:87,0
DA:88,0
DA:90,0
DA:92,1
DA:93,0
DA:94,0
DA:95,0
DA:96,0
DA:97,0
DA:98,0
DA:99,0
DA:100,0
DA:101,0
DA:103,1
DA:104,0
DA:105,0
DA:106,0
DA:107,0
DA:108,0
DA:109,0
DA:110,0
DA:111,0
DA:112,0
DA:114,1
DA:115,0
DA:116,0
DA:117,0
DA:118,0
DA:120,4
DA:121,1
DA:122,1
DA:123,1
DA:124,1
DA:126,1
DA:127,1
DA:128,1
DA:129,3
LF:106
LH:21
end_of_record
SF:/usr/include/c++/4.6/bits/allocator.h
FN:107,_ZNSaIcEC2Ev
FN:109,_ZNSaIcEC2ERKS_
FN:115,_ZNSaIcED2Ev
FN:115,_ZNSaImED2Ev
FNDA:0,_ZNSaIcEC2Ev
FNDA:0,_ZNSaIcEC2ERKS_
FNDA:0,_ZNSaImED2Ev
FNDA:0,_ZNSaIcED2Ev
FNF:4
FNH:0
DA:107,0
DA:109,0
DA:110,0
DA:115,0
LF:4
LH:0
end_of_record
SF:/usr/include/c++/4.6/bits/basic_ios.h
FN:48,_ZSt13__check_facetISt5ctypeIcEERKT_PS3_
FN:129,_ZNKSt9basic_iosIcSt11char_traitsIcEE7rdstateEv
FN:149,_ZNSt9basic_iosIcSt11char_traitsIcEE8setstateESt12_Ios_Iostate
FN:274,_ZNSt9basic_iosIcSt11char_traitsIcEED2Ev
FN:274,_ZNSt9basic_iosIcSt11char_traitsIcEED0Ev
FN:441,_ZNKSt9basic_iosIcSt11char_traitsIcEE5widenEc
FN:452,_ZNSt9basic_iosIcSt11char_traitsIcEEC2Ev
FNDA:0,_ZSt13__check_facetISt5ctypeIcEERKT_PS3_
FNDA:0,_ZNKSt9basic_iosIcSt11char_traitsIcEE7rdstateEv
FNDA:0,_ZNSt9basic_iosIcSt11char_traitsIcEE8setstateESt12_Ios_Iostate
FNDA:0,_ZNSt9basic_iosIcSt11char_traitsIcEED0Ev
FNDA:0,_ZNSt9basic_iosIcSt11char_traitsIcEED2Ev
FNDA:0,_ZNKSt9basic_iosIcSt11char_traitsIcEE5widenEc
FNDA:0,_ZNSt9basic_iosIcSt11char_traitsIcEEC2Ev
FNF:7
FNH:0
BRDA:50,0,0,-
BRDA:50,0,1,-
BRDA:274,1,3,-
BRDA:274,1,4,-
BRF:4
BRH:0
DA:48,0
DA:50,0
DA:51,0
DA:52,0
DA:129,0
DA:130,0
DA:149,0
DA:150,0
DA:274,0
DA:441,0
DA:442,0
DA:452,0
DA:454,0
DA:455,0
LF:14
LH:0
end_of_record
SF:/usr/include/c++/4.6/bits/basic_string.h
FN:176,_ZNSs4_Rep12_S_empty_repEv
FN:217,_ZNSs4_Rep10_M_refdataEv
FN:232,_ZNSs4_Rep10_M_disposeERKSaIcE
FN:267,_ZNSs12_Alloc_hiderD2Ev
FN:269,_ZNSs12_Alloc_hiderC2EPcRKSaIcE
FN:287,_ZNKSs7_M_dataEv
FN:295,_ZNKSs6_M_repEv
FN:421,_ZNSs12_S_empty_repEv
FN:432,_ZNSsC2Ev
FN:533,_ZNSsD2Ev
FN:1766,_ZNKSs5c_strEv
FN:1783,_ZNKSs13get_allocatorEv
FNDA:0,_ZNSs4_Rep12_S_empty_repEv
FNDA:0,_ZNSs4_Rep10_M_refdataEv
FNDA:0,_ZNSs4_Rep10_M_disposeERKSaIcE
FNDA:0,_ZNSs12_Alloc_hiderD2Ev
FNDA:0,_ZNSs12_Alloc_hiderC2EPcRKSaIcE
FNDA:0,_ZNKSs7_M_dataEv
FNDA:0,_ZNKSs6_M_repEv
FNDA:0,_ZNSs12_S_empty_repEv
FNDA:0,_ZNSsC2Ev
FNDA:0,_ZNSsD2Ev
FNDA:0,_ZNKSs5c_strEv
FNDA:0,_ZNKSs13get_allocatorEv
FNF:12
FNH:0
BRDA:235,0,1,-
BRDA:235,0,2,-
BRDA:240,0,1,-
BRDA:240,0,2,-
BRDA:434,0,1,-
BRDA:434,0,2,-
BRDA:434,1,5,-
BRDA:434,1,6,-
BRDA:534,0,0,-
BRDA:534,0,1,-
BRDA:534,1,3,-
BRDA:534,1,4,-
BRDA:534,2,6,-
BRDA:534,2,7,-
BRF:14
BRH:0
DA:176,0
DA:181,0
DA:182,0
DA:217,0
DA:218,0
DA:232,0
DA:235,0
DA:240,0
DA:244,0
DA:247,0
DA:267,0
DA:269,0
DA:270,0
DA:287,0
DA:288,0
DA:295,0
DA:296,0
DA:421,0
DA:422,0
DA:432,0
DA:434,0
DA:533,0
DA:534,0
DA:1766,0
DA:1767,0
DA:1783,0
DA:1784,0
LF:27
LH:0
end_of_record
SF:/usr/include/c++/4.6/bits/char_traits.h
FN:260,_ZNSt11char_traitsIcE6lengthEPKc
FNDA:0,_ZNSt11char_traitsIcE6lengthEPKc
FNF:1
FNH:0
DA:260,0
DA:261,0
LF:2
LH:0
end_of_record
SF:/usr/include/c++/4.6/bits/ios_base.h
FN:121,_ZStorSt13_Ios_OpenmodeS_
FN:159,_ZStorSt12_Ios_IostateS_
FN:632,_ZNSt8ios_base9precisionEi
FNDA:74,_ZStorSt13_Ios_OpenmodeS_
FNDA:0,_ZStorSt12_Ios_IostateS_
FNDA:0,_ZNSt8ios_base9precisionEi
FNF:3
FNH:1
DA:121,74
DA:122,74
DA:159,0
DA:160,0
DA:632,0
DA:634,0
DA:635,0
DA:636,0
LF:8
LH:2
end_of_record
SF:/usr/include/c++/4.6/bits/locale_facets.h
FN:866,_ZNKSt5ctypeIcE5widenEc
FN:1076,_ZNKSt5ctypeIcE8do_widenEc
FN:1099,_ZNKSt5ctypeIcE8do_widenEPKcS2_Pc
FN:1125,_ZNKSt5ctypeIcE9do_narrowEcc
FN:1151,_ZNKSt5ctypeIcE9do_narrowEPKcS2_cPc
FNDA:0,_ZNKSt5ctypeIcE5widenEc
FNDA:0,_ZNKSt5ctypeIcE8do_widenEc
FNDA:0,_ZNKSt5ctypeIcE8do_widenEPKcS2_Pc
FNDA:0,_ZNKSt5ctypeIcE9do_narrowEcc
FNDA:0,_ZNKSt5ctypeIcE9do_narrowEPKcS2_cPc
FNF:5
FNH:0
BRDA:868,0,0,-
BRDA:868,0,1,-
BRF:2
BRH:0
DA:866,0
DA:868,0
DA:869,0
DA:870,0
DA:871,0
DA:1076,0
DA:1077,0
DA:1099,0
DA:1101,0
DA:1102,0
DA:1125,0
DA:1126,0
DA:1151,0
DA:1154,0
DA:1155,0
LF:15
LH:0
end_of_record
SF:/usr/include/c++/4.6/bits/stl_bvector.h
FN:74,_ZNSt14_Bit_referenceC2EPmm
FN:79,_ZNKSt14_Bit_referencecvbEv
FN:115,_ZNSt18_Bit_iterator_baseC2EPmj
FN:119,_ZNSt18_Bit_iterator_base10_M_bump_upEv
FN:153,_ZNKSt18_Bit_iterator_baseeqERKS_
FN:281,_ZNSt19_Bit_const_iteratorC2ERKSt13_Bit_iterator
FN:285,_ZNKSt19_Bit_const_iteratordeEv
FN:289,_ZNSt19_Bit_const_iteratorppEv
FN:381,_ZNSt13_Bvector_baseISaIbEE13_Bvector_implD2Ev
FN:431,_ZNSt13_Bvector_baseISaIbEED2Ev
FN:443,_ZNSt13_Bvector_baseISaIbEE13_M_deallocateEv
FN:556,_ZNSt6vectorIbSaIbEED2Ev
FN:619,_ZNKSt6vectorIbSaIbEE5beginEv
FN:627,_ZNKSt6vectorIbSaIbEE3endEv
FNDA:0,_ZNSt14_Bit_referenceC2EPmm
FNDA:0,_ZNKSt14_Bit_referencecvbEv
FNDA:0,_ZNSt18_Bit_iterator_baseC2EPmj
FNDA:0,_ZNSt18_Bit_iterator_base10_M_bump_upEv
FNDA:0,_ZNKSt18_Bit_iterator_baseeqERKS_
FNDA:0,_ZNSt19_Bit_const_iteratorC2ERKSt13_Bit_iterator
FNDA:0,_ZNKSt19_Bit_const_iteratordeEv
FNDA:0,_ZNSt19_Bit_const_iteratorppEv
FNDA:0,_ZNSt13_Bvector_baseISaIbEE13_Bvector_implD2Ev
FNDA:0,_ZNSt13_Bvector_baseISaIbEED2Ev
FNDA:0,_ZNSt13_Bvector_baseISaIbEE13_M_deallocateEv
FNDA:0,_ZNSt6vectorIbSaIbEED2Ev
FNDA:0,_ZNKSt6vectorIbSaIbEE5beginEv
FNDA:0,_ZNKSt6vectorIbSaIbEE3endEv
FNF:14
FNH:0
BRDA:121,0,0,-
BRDA:121,0,1,-
BRDA:154,0,0,-
BRDA:154,0,1,-
BRDA:154,1,2,-
BRDA:154,1,3,-
BRDA:432,0,0,-
BRDA:432,0,1,-
BRDA:445,0,0,-
BRDA:445,0,1,-
BRF:10
BRH:0
DA:74,0
DA:75,0
DA:79,0
DA:80,0
DA:115,0
DA:116,0
DA:119,0
DA:121,0
DA:123,0
DA:124,0
DA:126,0
DA:153,0
DA:154,0
DA:281,0
DA:282,0
DA:285,0
DA:286,0
DA:289,0
DA:291,0
DA:292,0
DA:381,0
DA:431,0
DA:432,0
DA:443,0
DA:445,0
DA:446,0
DA:448,0
DA:556,0
DA:619,0
DA:620,0
DA:627,0
DA:628,0
LF:32
LH:0
end_of_record
SF:/usr/include/c++/4.6/bits/stl_iterator_base_types.h
FN:119,_ZNSt8iteratorISt26random_access_iterator_tagbiPbRbEC2Ev
FNDA:0,_ZNSt8iteratorISt26random_access_iterator_tagbiPbRbEC2Ev
FNF:1
FNH:0
DA:119,0
LF:1
LH:0
end_of_record
SF:/usr/include/c++/4.6/ext/atomicity.h
FN:47,_ZN9__gnu_cxxL18__exchange_and_addEPVii
FN:64,_ZN9__gnu_cxxL25__exchange_and_add_singleEPii
FN:77,_ZN9__gnu_cxxL27__exchange_and_add_dispatchEPii
FNDA:0,_ZN9__gnu_cxxL18__exchange_and_addEPVii
FNDA:0,_ZN9__gnu_cxxL25__exchange_and_add_singleEPii
FNDA:0,_ZN9__gnu_cxxL27__exchange_and_add_dispatchEPii
FNF:3
FNH:0
BRDA:80,0,1,-
BRDA:80,0,2,-
BRF:2
BRH:0
DA:47,0
DA:48,0
DA:64,0
DA:66,0
DA:67,0
DA:68,0
DA:77,0
DA:80,0
DA:81,0
DA:83,0
LF:10
LH:0
end_of_record
SF:/usr/include/c++/4.6/ext/new_allocator.h
FN:69,_ZN9__gnu_cxx13new_allocatorIcEC2Ev
FN:71,_ZN9__gnu_cxx13new_allocatorIcEC2ERKS1_
FN:76,_ZN9__gnu_cxx13new_allocatorImED2Ev
FN:76,_ZN9__gnu_cxx13new_allocatorIcED2Ev
FN:97,_ZN9__gnu_cxx13new_allocatorImE10deallocateEPmj
FNDA:0,_ZN9__gnu_cxx13new_allocatorIcEC2Ev
FNDA:0,_ZN9__gnu_cxx13new_allocatorIcEC2ERKS1_
FNDA:0,_ZN9__gnu_cxx13new_allocatorImED2Ev
FNDA:0,_ZN9__gnu_cxx13new_allocatorIcED2Ev
FNDA:0,_ZN9__gnu_cxx13new_allocatorImE10deallocateEPmj
FNF:5
FNH:0
DA:69,0
DA:71,0
DA:76,0
DA:97,0
DA:98,0
LF:5
LH:0
end_of_record
SF:/usr/include/c++/4.6/i686-linux-gnu/bits/gthr-default.h
FN:240,_ZL18__gthread_active_pv
FNDA:0,_ZL18__gthread_active_pv
FNF:1
FNH:0
DA:240,0
DA:252,0
LF:2
LH:0
end_of_record
SF:/usr/include/c++/4.6/iomanip
FN:194,_ZSt12setprecisioni
FN:207,_ZStlsIcSt11char_traitsIcEERSt13basic_ostreamIT_T0_ES6_St13_Setprecision
FNDA:37,_ZSt12setprecisioni
FNDA:0,_ZStlsIcSt11char_traitsIcEERSt13basic_ostreamIT_T0_ES6_St13_Setprecision
FNF:2
FNH:1
DA:194,37
DA:195,37
DA:207,0
DA:209,0
DA:210,0
LF:5
LH:2
end_of_record
SF:/usr/include/c++/4.6/iostream
DA:75,1
LF:1
LH:1
end_of_record
SF:/usr/include/c++/4.6/istream
FN:103,_ZNSiD1Ev
FN:103,_ZNSiD2Ev
FN:103,_ZNSiD0Ev
FN:587,_ZNSiC2Ev
FN:806,_ZNSdD0Ev
FN:806,_ZNSdD1Ev
FN:806,_ZNSdD2Ev
FN:809,_ZNSdC2Ev
FNDA:0,_ZNSiD0Ev
FNDA:0,_ZNSiD1Ev
FNDA:0,_ZNSiD2Ev
FNDA:0,_ZNSiC2Ev
FNDA:0,_ZNSdD0Ev
FNDA:0,_ZNSdD1Ev
FNDA:0,_ZNSdD2Ev
FNDA:0,_ZNSdC2Ev
FNF:8
FNH:0
BRDA:104,1,2,-
BRDA:104,1,3,-
BRDA:104,3,5,-
BRDA:104,3,6,-
BRDA:104,6,8,-
BRDA:104,6,9,-
BRDA:104,8,11,-
BRDA:104,8,12,-
BRDA:589,0,0,-
BRDA:589,0,1,-
BRDA:806,1,2,-
BRDA:806,1,3,-
BRDA:806,2,5,-
BRDA:806,2,6,-
BRDA:806,3,8,-
BRDA:806,3,9,-
BRDA:806,5,11,-
BRDA:806,5,12,-
BRDA:806,9,15,-
BRDA:806,9,16,-
BRDA:806,12,19,-
BRDA:806,12,20,-
BRDA:806,13,22,-
BRDA:806,13,23,-
BRDA:806,14,25,-
BRDA:806,14,26,-
BRDA:806,16,28,-
BRDA:806,16,29,-
BRDA:806,20,32,-
BRDA:806,20,33,-
BRDA:810,0,0,-
BRDA:810,0,1,-
BRDA:810,1,3,-
BRDA:810,1,4,-
BRF:34
BRH:0
DA:103,0
DA:104,0
DA:587,0
DA:588,0
DA:589,0
DA:806,0
DA:809,0
DA:810,0
LF:8
LH:0
end_of_record
SF:/usr/include/c++/4.6/ostream
FN:93,_ZNSoD0Ev
FN:93,_ZNSoD2Ev
FN:93,_ZNSoD1Ev
FN:110,_ZNSolsEPFRSoS_E
FN:215,_ZNSolsEf
FN:363,_ZNSoC2Ev
FN:510,_ZStlsISt11char_traitsIcEERSt13basic_ostreamIcT_ES5_PKc
FN:543,_ZSt4endlIcSt11char_traitsIcEERSt13basic_ostreamIT_T0_ES6_
FN:564,_ZSt5flushIcSt11char_traitsIcEERSt13basic_ostreamIT_T0_ES6_
FNDA:0,_ZNSoD0Ev
FNDA:0,_ZNSoD1Ev
FNDA:0,_ZNSoD2Ev
FNDA:0,_ZNSolsEPFRSoS_E
FNDA:0,_ZNSolsEf
FNDA:0,_ZNSoC2Ev
FNDA:0,_ZStlsISt11char_traitsIcEERSt13basic_ostreamIcT_ES5_PKc
FNDA:0,_ZSt4endlIcSt11char_traitsIcEERSt13basic_ostreamIT_T0_ES6_
FNDA:0,_ZSt5flushIcSt11char_traitsIcEERSt13basic_ostreamIT_T0_ES6_
FNF:9
FNH:0
BRDA:93,1,2,-
BRDA:93,1,3,-
BRDA:93,3,5,-
BRDA:93,3,6,-
BRDA:93,6,8,-
BRDA:93,6,9,-
BRDA:93,8,11,-
BRDA:93,8,12,-
BRDA:364,0,0,-
BRDA:364,0,1,-
BRDA:512,0,0,-
BRDA:512,0,1,-
BRF:12
BRH:0
DA:93,0
DA:110,0
DA:115,0
DA:215,0
DA:219,0
DA:363,0
DA:364,0
DA:510,0
DA:512,0
DA:513,0
DA:515,0
DA:517,0
DA:543,0
DA:544,0
DA:564,0
DA:565,0
LF:16
LH:0
end_of_record
SF:/usr/include/c++/4.6/sstream
FN:60,_ZNSt15basic_stringbufIcSt11char_traitsIcESaIcEED0Ev
FN:60,_ZNSt15basic_stringbufIcSt11char_traitsIcESaIcEED2Ev
FN:94,_ZNSt15basic_stringbufIcSt11char_traitsIcESaIcEEC2ESt13_Ios_Openmode
FN:517,_ZNSt18basic_stringstreamIcSt11char_traitsIcESaIcEEC1ESt13_Ios_Openmode
FN:544,_ZNSt18basic_stringstreamIcSt11char_traitsIcESaIcEED0Ev
FN:544,_ZNSt18basic_stringstreamIcSt11char_traitsIcESaIcEED1Ev
FNDA:0,_ZNSt15basic_stringbufIcSt11char_traitsIcESaIcEED0Ev
FNDA:0,_ZNSt15basic_stringbufIcSt11char_traitsIcESaIcEED2Ev
FNDA:0,_ZNSt15basic_stringbufIcSt11char_traitsIcESaIcEEC2ESt13_Ios_Openmode
FNDA:0,_ZNSt18basic_stringstreamIcSt11char_traitsIcESaIcEEC1ESt13_Ios_Openmode
FNDA:0,_ZNSt18basic_stringstreamIcSt11char_traitsIcESaIcEED0Ev
FNDA:0,_ZNSt18basic_stringstreamIcSt11char_traitsIcESaIcEED1Ev
FNF:6
FNH:0
BRDA:60,1,2,-
BRDA:60,1,3,-
BRDA:60,2,6,-
BRDA:60,2,7,-
BRDA:95,0,1,-
BRDA:95,0,2,-
BRDA:518,0,1,-
BRDA:518,0,2,-
BRDA:518,1,4,-
BRDA:518,1,5,-
BRDA:519,0,0,-
BRDA:519,0,1,-
BRDA:545,1,2,-
BRDA:545,1,3,-
BRDA:545,2,5,-
BRDA:545,2,6,-
BRDA:545,3,8,-
BRDA:545,3,9,-
BRDA:545,5,11,-
BRDA:545,5,12,-
BRDA:545,9,15,-
BRDA:545,9,16,-
BRF:22
BRH:0
DA:60,0
DA:94,0
DA:95,0
DA:96,0
DA:517,0
DA:518,0
DA:519,0
DA:544,0
DA:545,0
LF:9
LH:0
end_of_record
SF:/usr/include/c++/4.6/streambuf
FN:195,_ZNSt15basic_streambufIcSt11char_traitsIcEED2Ev
FN:195,_ZNSt15basic_streambufIcSt11char_traitsIcEED0Ev
FN:443,_ZNSt15basic_streambufIcSt11char_traitsIcEEC2Ev
FNDA:0,_ZNSt15basic_streambufIcSt11char_traitsIcEED0Ev
FNDA:0,_ZNSt15basic_streambufIcSt11char_traitsIcEED2Ev
FNDA:0,_ZNSt15basic_streambufIcSt11char_traitsIcEEC2Ev
FNF:3
FNH:0
BRDA:196,1,3,-
BRDA:196,1,4,-
BRF:2
BRH:0
DA:195,0
DA:196,0
DA:443,0
DA:446,0
DA:447,0
LF:5
LH:0
end_of_record
SF:/usr/include/c++/4.6/typeinfo
FN:123,_ZNKSt9type_infoeqERKS_
FNDA:0,_ZNKSt9type_infoeqERKS_
FNF:1
FNH:0
BRDA:127,0,0,-
BRDA:127,0,1,-
BRDA:127,1,2,-
BRDA:127,1,3,-
BRDA:127,2,4,-
BRDA:127,2,5,-
BRF:6
BRH:0
DA:123,0
DA:126,0
DA:127,0
LF:3
LH:0
end_of_record
SF:/usr/include/gtest/gtest-message.h
FN:82,_ZN7testing7MessageD2Ev
FN:94,_ZN7testing7MessageC2Ev
FNDA:37,_ZN7testing7MessageD2Ev
FNDA:37,_ZN7testing7MessageC2Ev
FNF:2
FNH:2
BRDA:94,0,2,37
BRDA:94,0,3,0
BRDA:97,9999,2,37
BRDA:97,9999,3,0
BRF:4
BRH:2
DA:82,37
DA:94,37
DA:97,37
DA:98,37
LF:4
LH:4
end_of_record
SF:/usr/include/gtest/gtest-test-part.h
FN:145,_ZN7testing31TestPartResultReporterInterfaceD2Ev
FN:145,_ZN7testing31TestPartResultReporterInterfaceD0Ev
FNDA:0,_ZN7testing31TestPartResultReporterInterfaceD0Ev
FNDA:0,_ZN7testing31TestPartResultReporterInterfaceD2Ev
FNF:2
FNH:0
BRDA:145,2,2,-
BRDA:145,2,3,-
BRF:2
BRH:0
DA:145,0
LF:1
LH:0
end_of_record
SF:/usr/include/gtest/gtest.h
FN:265,_ZN7testing15AssertionResultD2Ev
FN:274,_ZNK7testing15AssertionResultcvbEv
FN:283,_ZNK7testing15AssertionResult7messageEv
FN:288,_ZNK7testing15AssertionResult15failure_messageEv
FN:374,_ZN7testing4Test13SetUpTestCaseEv
FN:382,_ZN7testing4Test16TearDownTestCaseEv
FN:459,_ZN7testing4Test5SetupEv
FN:913,_ZN7testing11EnvironmentD2Ev
FN:913,_ZN7testing11EnvironmentD0Ev
FN:916,_ZN7testing11Environment5SetUpEv
FN:919,_ZN7testing11Environment8TearDownEv
FN:924,_ZN7testing11Environment5SetupEv
FN:931,_ZN7testing17TestEventListenerD0Ev
FN:931,_ZN7testing17TestEventListenerD2Ev
FN:984,_ZN7testing22EmptyTestEventListener18OnTestProgramStartERKNS_8UnitTestE
FN:985,_ZN7testing22EmptyTestEventListener20OnTestIterationStartERKNS_8UnitTestEi
FN:987,_ZN7testing22EmptyTestEventListener24OnEnvironmentsSetUpStartERKNS_8UnitTestE
FN:988,_ZN7testing22EmptyTestEventListener22OnEnvironmentsSetUpEndERKNS_8UnitTestE
FN:989,_ZN7testing22EmptyTestEventListener15OnTestCaseStartERKNS_8TestCaseE
FN:990,_ZN7testing22EmptyTestEventListener11OnTestStartERKNS_8TestInfoE
FN:991,_ZN7testing22EmptyTestEventListener16OnTestPartResultERKNS_14TestPartResultE
FN:992,_ZN7testing22EmptyTestEventListener9OnTestEndERKNS_8TestInfoE
FN:993,_ZN7testing22EmptyTestEventListener13OnTestCaseEndERKNS_8TestCaseE
FN:994,_ZN7testing22EmptyTestEventListener27OnEnvironmentsTearDownStartERKNS_8UnitTestE
FN:995,_ZN7testing22EmptyTestEventListener25OnEnvironmentsTearDownEndERKNS_8UnitTestE
FN:996,_ZN7testing22EmptyTestEventListener18OnTestIterationEndERKNS_8UnitTestEi
FN:998,_ZN7testing22EmptyTestEventListener16OnTestProgramEndERKNS_8UnitTestE
FN:1554,_ZN7testing8internal24CmpHelperFloatingPointEQIfEENS_15AssertionResultEPKcS4_T_S5_
FNDA:3,_ZN7testing15AssertionResultD2Ev
FNDA:3,_ZNK7testing15AssertionResultcvbEv
FNDA:0,_ZNK7testing15AssertionResult7messageEv
FNDA:0,_ZNK7testing15AssertionResult15failure_messageEv
FNDA:1,_ZN7testing4Test13SetUpTestCaseEv
FNDA:1,_ZN7testing4Test16TearDownTestCaseEv
FNDA:0,_ZN7testing4Test5SetupEv
FNDA:0,_ZN7testing11EnvironmentD0Ev
FNDA:0,_ZN7testing11EnvironmentD2Ev
FNDA:0,_ZN7testing11Environment5SetUpEv
FNDA:0,_ZN7testing11Environment8TearDownEv
FNDA:0,_ZN7testing11Environment5SetupEv
FNDA:0,_ZN7testing17TestEventListenerD0Ev
FNDA:0,_ZN7testing17TestEventListenerD2Ev
FNDA:0,_ZN7testing22EmptyTestEventListener18OnTestProgramStartERKNS_8UnitTestE
FNDA:0,_ZN7testing22EmptyTestEventListener20OnTestIterationStartERKNS_8UnitTestEi
FNDA:0,_ZN7testing22EmptyTestEventListener24OnEnvironmentsSetUpStartERKNS_8UnitTestE
FNDA:0,_ZN7testing22EmptyTestEventListener22OnEnvironmentsSetUpEndERKNS_8UnitTestE
FNDA:0,_ZN7testing22EmptyTestEventListener15OnTestCaseStartERKNS_8TestCaseE
FNDA:0,_ZN7testing22EmptyTestEventListener11OnTestStartERKNS_8TestInfoE
FNDA:0,_ZN7testing22EmptyTestEventListener16OnTestPartResultERKNS_14TestPartResultE
FNDA:0,_ZN7testing22EmptyTestEventListener9OnTestEndERKNS_8TestInfoE
FNDA:0,_ZN7testing22EmptyTestEventListener13OnTestCaseEndERKNS_8TestCaseE
FNDA:0,_ZN7testing22EmptyTestEventListener27OnEnvironmentsTearDownStartERKNS_8UnitTestE
FNDA:0,_ZN7testing22EmptyTestEventListener25OnEnvironmentsTearDownEndERKNS_8UnitTestE
FNDA:0,_ZN7testing22EmptyTestEventListener18OnTestIterationEndERKNS_8UnitTestEi
FNDA:0,_ZN7testing22EmptyTestEventListener16OnTestProgramEndERKNS_8UnitTestE
FNDA:3,_ZN7testing8internal24CmpHelperFloatingPointEQIfEENS_15AssertionResultEPKcS4_T_S5_
FNF:28
FNH:5
BRDA:284,0,1,-
BRDA:284,0,2,-
BRDA:913,2,2,-
BRDA:913,2,3,-
BRDA:931,2,2,-
BRDA:931,2,3,-
BRDA:1560,9999,1,3
BRDA:1560,9999,2,0
BRDA:1565,9999,1,-
BRDA:1565,9999,2,-
BRDA:1565,0,4,-
BRDA:1565,0,5,-
BRDA:1568,0,1,-
BRDA:1568,0,2,-
BRDA:1569,0,1,-
BRDA:1569,0,2,-
BRDA:1569,1,4,-
BRDA:1569,1,5,-
BRDA:1576,0,0,-
BRDA:1576,0,1,-
BRDA:1576,1,3,-
BRDA:1576,1,4,-
BRDA:1576,2,6,-
BRDA:1576,2,7,-
BRDA:1576,3,11,-
BRDA:1576,3,12,-
BRF:26
BRH:1
DA:265,3
DA:274,3
DA:283,0
DA:284,0
DA:288,0
DA:374,1
DA:382,1
DA:459,0
DA:913,0
DA:916,0
DA:919,0
DA:924,0
DA:931,0
DA:984,0
DA:985,0
DA:986,0
DA:987,0
DA:988,0
DA:989,0
DA:990,0
DA:991,0
DA:992,0
DA:993,0
DA:994,0
DA:995,0
DA:996,0
DA:997,0
DA:998,0
DA:1554,3
DA:1558,3
DA:1560,3
DA:1561,3
DA:1564,0
DA:1565,0
DA:1568,0
DA:1569,0
DA:1576,3
LF:37
LH:9
end_of_record
SF:/usr/include/gtest/internal/gtest-death-test-internal.h
FN:82,_ZN7testing8internal9DeathTestD2Ev
FN:82,_ZN7testing8internal9DeathTestD0Ev
FN:87,_ZN7testing8internal9DeathTest14ReturnSentinelC2EPS1_
FN:88,_ZN7testing8internal9DeathTest14ReturnSentinelD2Ev
FN:142,_ZN7testing8internal16DeathTestFactoryD2Ev
FN:142,_ZN7testing8internal16DeathTestFactoryD0Ev
FNDA:0,_ZN7testing8internal9DeathTestD0Ev
FNDA:0,_ZN7testing8internal9DeathTestD2Ev
FNDA:0,_ZN7testing8internal9DeathTest14ReturnSentinelC2EPS1_
FNDA:0,_ZN7testing8internal9DeathTest14ReturnSentinelD2Ev
FNDA:0,_ZN7testing8internal16DeathTestFactoryD0Ev
FNDA:0,_ZN7testing8internal16DeathTestFactoryD2Ev
FNF:6
FNH:0
BRDA:82,2,2,-
BRDA:82,2,3,-
BRDA:142,2,2,-
BRDA:142,2,3,-
BRF:4
BRH:0
DA:82,0
DA:87,0
DA:88,0
DA:142,0
LF:4
LH:0
end_of_record
SF:/usr/include/gtest/internal/gtest-internal.h
FN:365,_ZN7testing8internal13FloatingPointIfEC2ERKf
FN:389,_ZNK7testing8internal13FloatingPointIfE13exponent_bitsEv
FN:392,_ZNK7testing8internal13FloatingPointIfE13fraction_bitsEv
FN:398,_ZNK7testing8internal13FloatingPointIfE6is_nanEv
FN:410,_ZNK7testing8internal13FloatingPointIfE12AlmostEqualsERKS2_
FN:441,_ZN7testing8internal13FloatingPointIfE24SignAndMagnitudeToBiasedERKj
FN:453,_ZN7testing8internal13FloatingPointIfE38DistanceBetweenSignAndMagnitudeNumbersERKjS4_
FN:511,_ZN7testing8internal15TestFactoryBaseD2Ev
FN:511,_ZN7testing8internal15TestFactoryBaseD0Ev
FN:518,_ZN7testing8internal15TestFactoryBaseC2Ev
FN:527,_ZN7testing8internal15TestFactoryImplI23BoundaryTest_Stack_TestED2Ev
FN:527,_ZN7testing8internal15TestFactoryImplI41EquivalentClassTest_MORE1000LESS1800_TestED2Ev
FN:527,_ZN7testing8internal15TestFactoryImplI23BoundaryTest_Stack_TestEC2Ev
FN:527,_ZN7testing8internal15TestFactoryImplI22EdgeTest_MORE1800_TestEC2Ev
FN:527,_ZN7testing8internal15TestFactoryImplI21EdgeTest_INVALID_TestED2Ev
FN:527,_ZN7testing8internal15TestFactoryImplI18Coverage_C0_1_TestED0Ev
FN:527,_ZN7testing8internal15TestFactoryImplI21EdgeTest_INVALID_TestEC2Ev
FN:527,_ZN7testing8internal15TestFactoryImplI41EquivalentClassTest_MORE1000LESS1800_TestEC2Ev
FN:527,_ZN7testing8internal15TestFactoryImplI22EdgeTest_LESS1000_TestED2Ev
FN:527,_ZN7testing8internal15TestFactoryImplI41EquivalentClassTest_MORE1000LESS1800_TestED0Ev
FN:527,_ZN7testing8internal15TestFactoryImplI24BoundaryTest_Barrel_TestED2Ev
FN:527,_ZN7testing8internal15TestFactoryImplI22EdgeTest_MORE1800_TestED0Ev
FN:527,_ZN7testing8internal15TestFactoryImplI24BoundaryTest_Barrel_TestEC2Ev
FN:527,_ZN7testing8internal15TestFactoryImplI24BoundaryTest_Barrel_TestED0Ev
FN:527,_ZN7testing8internal15TestFactoryImplI33EquivalentClassTest_MORE1800_TestED2Ev
FN:527,_ZN7testing8internal15TestFactoryImplI22EdgeTest_LESS1000_TestED0Ev
FN:527,_ZN7testing8internal15TestFactoryImplI22BoundaryTest_Lock_TestED0Ev
FN:527,_ZN7testing8internal15TestFactoryImplI18Coverage_C0_1_TestED2Ev
FN:527,_ZN7testing8internal15TestFactoryImplI33EquivalentClassTest_LESS1000_TestED2Ev
FN:527,_ZN7testing8internal15TestFactoryImplI23EdgeTest_TERMINATE_TestED2Ev
FN:527,_ZN7testing8internal15TestFactoryImplI22BoundaryTest_Lock_TestED2Ev
FN:527,_ZN7testing8internal15TestFactoryImplI30EdgeTest_MORE1000LESS1800_TestEC2Ev
FN:527,_ZN7testing8internal15TestFactoryImplI30EdgeTest_MORE1000LESS1800_TestED2Ev
FN:527,_ZN7testing8internal15TestFactoryImplI23EdgeTest_TERMINATE_TestEC2Ev
FN:527,_ZN7testing8internal15TestFactoryImplI32EquivalentClassTest_INVALID_TestEC2Ev
FN:527,_ZN7testing8internal15TestFactoryImplI21EdgeTest_INVALID_TestED0Ev
FN:527,_ZN7testing8internal15TestFactoryImplI33EquivalentClassTest_MORE1800_TestED0Ev
FN:527,_ZN7testing8internal15TestFactoryImplI23EdgeTest_TERMINATE_TestED0Ev
FN:527,_ZN7testing8internal15TestFactoryImplI33EquivalentClassTest_LESS1000_TestED0Ev
FN:527,_ZN7testing8internal15TestFactoryImplI30EdgeTest_MORE1000LESS1800_TestED0Ev
FN:527,_ZN7testing8internal15TestFactoryImplI18Coverage_C0_1_TestEC2Ev
FN:527,_ZN7testing8internal15TestFactoryImplI33EquivalentClassTest_MORE1800_TestEC2Ev
FN:527,_ZN7testing8internal15TestFactoryImplI32EquivalentClassTest_INVALID_TestED2Ev
FN:527,_ZN7testing8internal15TestFactoryImplI22BoundaryTest_Lock_TestEC2Ev
FN:527,_ZN7testing8internal15TestFactoryImplI22EdgeTest_MORE1800_TestED2Ev
FN:527,_ZN7testing8internal15TestFactoryImplI33EquivalentClassTest_LESS1000_TestEC2Ev
FN:527,_ZN7testing8internal15TestFactoryImplI32EquivalentClassTest_INVALID_TestED0Ev
FN:527,_ZN7testing8internal15TestFactoryImplI23BoundaryTest_Stack_TestED0Ev
FN:527,_ZN7testing8internal15TestFactoryImplI22EdgeTest_LESS1000_TestEC2Ev
FN:529,_ZN7testing8internal15TestFactoryImplI23BoundaryTest_Stack_TestE10CreateTestEv
FN:529,_ZN7testing8internal15TestFactoryImplI33EquivalentClassTest_LESS1000_TestE10CreateTestEv
FN:529,_ZN7testing8internal15TestFactoryImplI32EquivalentClassTest_INVALID_TestE10CreateTestEv
FN:529,_ZN7testing8internal15TestFactoryImplI22EdgeTest_LESS1000_TestE10CreateTestEv
FN:529,_ZN7testing8internal15TestFactoryImplI30EdgeTest_MORE1000LESS1800_TestE10CreateTestEv
FN:529,_ZN7testing8internal15TestFactoryImplI24BoundaryTest_Barrel_TestE10CreateTestEv
FN:529,_ZN7testing8internal15TestFactoryImplI33EquivalentClassTest_MORE1800_TestE10CreateTestEv
FN:529,_ZN7testing8internal15TestFactoryImplI41EquivalentClassTest_MORE1000LESS1800_TestE10CreateTestEv
FN:529,_ZN7testing8internal15TestFactoryImplI22BoundaryTest_Lock_TestE10CreateTestEv
FN:529,_ZN7testing8internal15TestFactoryImplI23EdgeTest_TERMINATE_TestE10CreateTestEv
FN:529,_ZN7testing8internal15TestFactoryImplI18Coverage_C0_1_TestE10CreateTestEv
FN:529,_ZN7testing8internal15TestFactoryImplI21EdgeTest_INVALID_TestE10CreateTestEv
FN:529,_ZN7testing8internal15TestFactoryImplI22EdgeTest_MORE1800_TestE10CreateTestEv
FNDA:6,_ZN7testing8internal13FloatingPointIfEC2ERKf
FNDA:6,_ZNK7testing8internal13FloatingPointIfE13exponent_bitsEv
FNDA:0,_ZNK7testing8internal13FloatingPointIfE13fraction_bitsEv
FNDA:6,_ZNK7testing8internal13FloatingPointIfE6is_nanEv
FNDA:3,_ZNK7testing8internal13FloatingPointIfE12AlmostEqualsERKS2_
FNDA:6,_ZN7testing8internal13FloatingPointIfE24SignAndMagnitudeToBiasedERKj
FNDA:3,_ZN7testing8internal13FloatingPointIfE38DistanceBetweenSignAndMagnitudeNumbersERKjS4_
FNDA:0,_ZN7testing8internal15TestFactoryBaseD0Ev
FNDA:13,_ZN7testing8internal15TestFactoryBaseD2Ev
FNDA:13,_ZN7testing8internal15TestFactoryBaseC2Ev
FNDA:1,_ZN7testing8internal15TestFactoryImplI22BoundaryTest_Lock_TestED0Ev
FNDA:1,_ZN7testing8internal15TestFactoryImplI22BoundaryTest_Lock_TestED2Ev
FNDA:1,_ZN7testing8internal15TestFactoryImplI23BoundaryTest_Stack_TestED0Ev
FNDA:1,_ZN7testing8internal15TestFactoryImplI23BoundaryTest_Stack_TestED2Ev
FNDA:1,_ZN7testing8internal15TestFactoryImplI24BoundaryTest_Barrel_TestED0Ev
FNDA:1,_ZN7testing8internal15TestFactoryImplI24BoundaryTest_Barrel_TestED2Ev
FNDA:1,_ZN7testing8internal15TestFactoryImplI33EquivalentClassTest_LESS1000_TestED0Ev
FNDA:1,_ZN7testing8internal15TestFactoryImplI33EquivalentClassTest_LESS1000_TestED2Ev
FNDA:1,_ZN7testing8internal15TestFactoryImplI41EquivalentClassTest_MORE1000LESS1800_TestED0Ev
FNDA:1,_ZN7testing8internal15TestFactoryImplI41EquivalentClassTest_MORE1000LESS1800_TestED2Ev
FNDA:1,_ZN7testing8internal15TestFactoryImplI33EquivalentClassTest_MORE1800_TestED0Ev
FNDA:1,_ZN7testing8internal15TestFactoryImplI33EquivalentClassTest_MORE1800_TestED2Ev
FNDA:1,_ZN7testing8internal15TestFactoryImplI32EquivalentClassTest_INVALID_TestED0Ev
FNDA:1,_ZN7testing8internal15TestFactoryImplI32EquivalentClassTest_INVALID_TestED2Ev
FNDA:1,_ZN7testing8internal15TestFactoryImplI22EdgeTest_LESS1000_TestED0Ev
FNDA:1,_ZN7testing8internal15TestFactoryImplI22EdgeTest_LESS1000_TestED2Ev
FNDA:1,_ZN7testing8internal15TestFactoryImplI30EdgeTest_MORE1000LESS1800_TestED0Ev
FNDA:1,_ZN7testing8internal15TestFactoryImplI30EdgeTest_MORE1000LESS1800_TestED2Ev
FNDA:1,_ZN7testing8internal15TestFactoryImplI22EdgeTest_MORE1800_TestED0Ev
FNDA:1,_ZN7testing8internal15TestFactoryImplI22EdgeTest_MORE1800_TestED2Ev
FNDA:1,_ZN7testing8internal15TestFactoryImplI21EdgeTest_INVALID_TestED0Ev
FNDA:1,_ZN7testing8internal15TestFactoryImplI21EdgeTest_INVALID_TestED2Ev
FNDA:1,_ZN7testing8internal15TestFactoryImplI23EdgeTest_TERMINATE_TestED0Ev
FNDA:1,_ZN7testing8internal15TestFactoryImplI23EdgeTest_TERMINATE_TestED2Ev
FNDA:1,_ZN7testing8internal15TestFactoryImplI18Coverage_C0_1_TestED0Ev
FNDA:1,_ZN7testing8internal15TestFactoryImplI18Coverage_C0_1_TestED2Ev
FNDA:1,_ZN7testing8internal15TestFactoryImplI18Coverage_C0_1_TestEC2Ev
FNDA:1,_ZN7testing8internal15TestFactoryImplI23EdgeTest_TERMINATE_TestEC2Ev
FNDA:1,_ZN7testing8internal15TestFactoryImplI21EdgeTest_INVALID_TestEC2Ev
FNDA:1,_ZN7testing8internal15TestFactoryImplI22EdgeTest_MORE1800_TestEC2Ev
FNDA:1,_ZN7testing8internal15TestFactoryImplI30EdgeTest_MORE1000LESS1800_TestEC2Ev
FNDA:1,_ZN7testing8internal15TestFactoryImplI22EdgeTest_LESS1000_TestEC2Ev
FNDA:1,_ZN7testing8internal15TestFactoryImplI32EquivalentClassTest_INVALID_TestEC2Ev
FNDA:1,_ZN7testing8internal15TestFactoryImplI33EquivalentClassTest_MORE1800_TestEC2Ev
FNDA:1,_ZN7testing8internal15TestFactoryImplI41EquivalentClassTest_MORE1000LESS1800_TestEC2Ev
FNDA:1,_ZN7testing8internal15TestFactoryImplI33EquivalentClassTest_LESS1000_TestEC2Ev
FNDA:1,_ZN7testing8internal15TestFactoryImplI24BoundaryTest_Barrel_TestEC2Ev
FNDA:1,_ZN7testing8internal15TestFactoryImplI23BoundaryTest_Stack_TestEC2Ev
FNDA:1,_ZN7testing8internal15TestFactoryImplI22BoundaryTest_Lock_TestEC2Ev
FNDA:0,_ZN7testing8internal15TestFactoryImplI22BoundaryTest_Lock_TestE10CreateTestEv
FNDA:0,_ZN7testing8internal15TestFactoryImplI23BoundaryTest_Stack_TestE10CreateTestEv
FNDA:0,_ZN7testing8internal15TestFactoryImplI24BoundaryTest_Barrel_TestE10CreateTestEv
FNDA:0,_ZN7testing8internal15TestFactoryImplI33EquivalentClassTest_LESS1000_TestE10CreateTestEv
FNDA:0,_ZN7testing8internal15TestFactoryImplI41EquivalentClassTest_MORE1000LESS1800_TestE10CreateTestEv
FNDA:0,_ZN7testing8internal15TestFactoryImplI33EquivalentClassTest_MORE1800_TestE10CreateTestEv
FNDA:0,_ZN7testing8internal15TestFactoryImplI32EquivalentClassTest_INVALID_TestE10CreateTestEv
FNDA:0,_ZN7testing8internal15TestFactoryImplI22EdgeTest_LESS1000_TestE10CreateTestEv
FNDA:0,_ZN7testing8internal15TestFactoryImplI30EdgeTest_MORE1000LESS1800_TestE10CreateTestEv
FNDA:0,_ZN7testing8internal15TestFactoryImplI22EdgeTest_MORE1800_TestE10CreateTestEv
FNDA:0,_ZN7testing8internal15TestFactoryImplI21EdgeTest_INVALID_TestE10CreateTestEv
FNDA:0,_ZN7testing8internal15TestFactoryImplI23EdgeTest_TERMINATE_TestE10CreateTestEv
FNDA:1,_ZN7testing8internal15TestFactoryImplI18Coverage_C0_1_TestE10CreateTestEv
FNF:62
FNH:48
BRDA:401,0,1,0
BRDA:401,0,2,6
BRDA:401,1,4,-
BRDA:401,1,5,-
BRDA:413,0,1,3
BRDA:413,0,2,0
BRDA:413,1,4,0
BRDA:413,1,5,3
BRDA:413,4,6,0
BRDA:413,4,7,3
BRDA:442,0,0,0
BRDA:442,0,1,6
BRDA:457,9999,0,3
BRDA:457,9999,1,0
BRDA:511,2,2,0
BRDA:511,2,3,13
BRDA:527,1,3,0
BRDA:527,1,4,1
BRDA:527,5,9,0
BRDA:527,5,10,1
BRDA:527,9,15,0
BRDA:527,9,16,1
BRDA:527,13,21,0
BRDA:527,13,22,1
BRDA:527,17,27,0
BRDA:527,17,28,1
BRDA:527,21,33,0
BRDA:527,21,34,1
BRDA:527,25,39,0
BRDA:527,25,40,1
BRDA:527,29,45,0
BRDA:527,29,46,1
BRDA:527,33,51,0
BRDA:527,33,52,1
BRDA:527,37,57,0
BRDA:527,37,58,1
BRDA:527,41,63,0
BRDA:527,41,64,1
BRDA:527,45,69,0
BRDA:527,45,70,1
BRDA:527,49,75,0
BRDA:527,49,76,1
BRDA:529,0,1,-
BRDA:529,0,2,-
BRDA:529,3,7,-
BRDA:529,3,8,-
BRDA:529,6,13,-
BRDA:529,6,14,-
BRDA:529,9,19,-
BRDA:529,9,20,-
BRDA:529,12,25,-
BRDA:529,12,26,-
BRDA:529,15,31,-
BRDA:529,15,32,-
BRDA:529,18,37,-
BRDA:529,18,38,-
BRDA:529,21,43,-
BRDA:529,21,44,-
BRDA:529,24,49,-
BRDA:529,24,50,-
BRDA:529,27,55,-
BRDA:529,27,56,-
BRDA:529,30,61,-
BRDA:529,30,62,-
BRDA:529,33,67,-
BRDA:529,33,68,-
BRDA:529,36,73,1
BRDA:529,36,74,0
BRF:68
BRH:21
DA:365,6
DA:389,6
DA:392,0
DA:398,6
DA:401,6
DA:410,3
DA:413,3
DA:416,3
DA:441,6
DA:442,6
DA:444,0
DA:447,6
DA:453,3
DA:455,3
DA:456,3
DA:457,3
DA:511,13
DA:518,13
DA:527,39
DA:529,1
LF:20
LH:18
end_of_record
SF:/usr/include/gtest/internal/gtest-param-util.h
FN:69,_ZN7testing8internal22ParamIteratorInterfaceIbEC2Ev
FN:71,_ZN7testing8internal22ParamIteratorInterfaceIbED2Ev
FN:71,_ZN7testing8internal22ParamIteratorInterfaceIbED0Ev
FN:146,_ZN7testing8internal23ParamGeneratorInterfaceIbED0Ev
FN:146,_ZN7testing8internal23ParamGeneratorInterfaceIbED2Ev
FN:273,_ZN7testing8internal30ValuesInIteratorRangeGeneratorIbED0Ev
FN:273,_ZN7testing8internal30ValuesInIteratorRangeGeneratorIbED2Ev
FN:275,_ZNK7testing8internal30ValuesInIteratorRangeGeneratorIbE5BeginEv
FN:278,_ZNK7testing8internal30ValuesInIteratorRangeGeneratorIbE3EndEv
FN:287,_ZN7testing8internal30ValuesInIteratorRangeGeneratorIbE8IteratorC2EPKNS0_23ParamGeneratorInterfaceIbEESt19_Bit_const_iterator
FN:290,_ZN7testing8internal30ValuesInIteratorRangeGeneratorIbE8IteratorD0Ev
FN:290,_ZN7testing8internal30ValuesInIteratorRangeGeneratorIbE8IteratorD2Ev
FN:292,_ZNK7testing8internal30ValuesInIteratorRangeGeneratorIbE8Iterator13BaseGeneratorEv
FN:295,_ZN7testing8internal30ValuesInIteratorRangeGeneratorIbE8Iterator7AdvanceEv
FN:299,_ZNK7testing8internal30ValuesInIteratorRangeGeneratorIbE8Iterator5CloneEv
FN:309,_ZNK7testing8internal30ValuesInIteratorRangeGeneratorIbE8Iterator7CurrentEv
FN:314,_ZNK7testing8internal30ValuesInIteratorRangeGeneratorIbE8Iterator6EqualsERKNS0_22ParamIteratorInterfaceIbEE
FN:325,_ZN7testing8internal30ValuesInIteratorRangeGeneratorIbE8IteratorC2ERKS3_
FN:417,_ZN7testing8internal29ParameterizedTestCaseInfoBaseD0Ev
FN:417,_ZN7testing8internal29ParameterizedTestCaseInfoBaseD2Ev
FNDA:0,_ZN7testing8internal22ParamIteratorInterfaceIbEC2Ev
FNDA:0,_ZN7testing8internal22ParamIteratorInterfaceIbED0Ev
FNDA:0,_ZN7testing8internal22ParamIteratorInterfaceIbED2Ev
FNDA:0,_ZN7testing8internal23ParamGeneratorInterfaceIbED0Ev
FNDA:0,_ZN7testing8internal23ParamGeneratorInterfaceIbED2Ev
FNDA:0,_ZN7testing8internal30ValuesInIteratorRangeGeneratorIbED0Ev
FNDA:0,_ZN7testing8internal30ValuesInIteratorRangeGeneratorIbED2Ev
FNDA:0,_ZNK7testing8internal30ValuesInIteratorRangeGeneratorIbE5BeginEv
FNDA:0,_ZNK7testing8internal30ValuesInIteratorRangeGeneratorIbE3EndEv
FNDA:0,_ZN7testing8internal30ValuesInIteratorRangeGeneratorIbE8IteratorC2EPKNS0_23ParamGeneratorInterfaceIbEESt19_Bit_const_iterator
FNDA:0,_ZN7testing8internal30ValuesInIteratorRangeGeneratorIbE8IteratorD0Ev
FNDA:0,_ZN7testing8internal30ValuesInIteratorRangeGeneratorIbE8IteratorD2Ev
FNDA:0,_ZNK7testing8internal30ValuesInIteratorRangeGeneratorIbE8Iterator13BaseGeneratorEv
FNDA:0,_ZN7testing8internal30ValuesInIteratorRangeGeneratorIbE8Iterator7AdvanceEv
FNDA:0,_ZNK7testing8internal30ValuesInIteratorRangeGeneratorIbE8Iterator5CloneEv
FNDA:0,_ZNK7testing8internal30ValuesInIteratorRangeGeneratorIbE8Iterator7CurrentEv
FNDA:0,_ZNK7testing8internal30ValuesInIteratorRangeGeneratorIbE8Iterator6EqualsERKNS0_22ParamIteratorInterfaceIbEE
FNDA:0,_ZN7testing8internal30ValuesInIteratorRangeGeneratorIbE8IteratorC2ERKS3_
FNDA:0,_ZN7testing8internal29ParameterizedTestCaseInfoBaseD0Ev
FNDA:0,_ZN7testing8internal29ParameterizedTestCaseInfoBaseD2Ev
FNF:20
FNH:0
BRDA:71,2,2,-
BRDA:71,2,3,-
BRDA:146,2,2,-
BRDA:146,2,3,-
BRDA:273,1,2,-
BRDA:273,1,3,-
BRDA:273,2,6,-
BRDA:273,2,7,-
BRDA:276,0,2,-
BRDA:276,0,3,-
BRDA:279,0,2,-
BRDA:279,0,3,-
BRDA:290,1,2,-
BRDA:290,1,3,-
BRDA:290,2,6,-
BRDA:290,2,7,-
BRDA:300,0,1,-
BRDA:300,0,2,-
BRDA:310,0,1,-
BRDA:310,0,2,-
BRDA:317,0,3,-
BRDA:317,0,4,-
BRDA:317,1,7,-
BRDA:317,1,8,-
BRDA:317,2,10,-
BRDA:317,2,11,-
BRDA:317,3,13,-
BRDA:317,3,14,-
BRDA:317,4,16,-
BRDA:317,4,17,-
BRDA:417,2,2,-
BRDA:417,2,3,-
BRF:32
BRH:0
DA:69,0
DA:71,0
DA:146,0
DA:273,0
DA:275,0
DA:276,0
DA:278,0
DA:279,0
DA:287,0
DA:289,0
DA:290,0
DA:292,0
DA:293,0
DA:295,0
DA:296,0
DA:297,0
DA:298,0
DA:299,0
DA:300,0
DA:309,0
DA:310,0
DA:311,0
DA:312,0
DA:314,0
DA:317,0
DA:321,0
DA:325,0
DA:330,0
DA:417,0
LF:29
LH:0
end_of_record
SF:/usr/include/gtest/internal/gtest-port.h
FN:778,_ZN7testing8internal10scoped_ptrIKbEC2EPS2_
FN:778,_ZN7testing8internal10scoped_ptrISt18basic_stringstreamIcSt11char_traitsIcESaIcEEEC2EPS6_
FN:778,_ZN7testing8internal10scoped_ptrINS0_9DeathTestEEC2EPS2_
FN:779,_ZN7testing8internal10scoped_ptrIKbED2Ev
FN:779,_ZN7testing8internal10scoped_ptrISt18basic_stringstreamIcSt11char_traitsIcESaIcEEED2Ev
FN:779,_ZN7testing8internal10scoped_ptrINS0_9DeathTestEED2Ev
FN:779,_ZN7testing8internal10scoped_ptrISsED2Ev
FN:781,_ZNK7testing8internal10scoped_ptrISt18basic_stringstreamIcSt11char_traitsIcESaIcEEEdeEv
FN:782,_ZNK7testing8internal10scoped_ptrISsEptEv
FN:783,_ZNK7testing8internal10scoped_ptrISsE3getEv
FN:783,_ZNK7testing8internal10scoped_ptrIKbE3getEv
FN:791,_ZN7testing8internal10scoped_ptrISsE5resetEPSs
FN:791,_ZN7testing8internal10scoped_ptrINS0_9DeathTestEE5resetEPS2_
FN:791,_ZN7testing8internal10scoped_ptrIKbE5resetEPS2_
FN:791,_ZN7testing8internal10scoped_ptrISt18basic_stringstreamIcSt11char_traitsIcESaIcEEE5resetEPS6_
FN:824,_ZN7testing8internal2REC2EPKc
FN:915,_ZN7testing8internal8GTestLog9GetStreamEv
FN:1029,_ZN7testing8internal27CheckedDowncastToActualTypeIKNS0_30ValuesInIteratorRangeGeneratorIbE8IteratorEKNS0_22ParamIteratorInterfaceIbEEEEPT_PT0_
FN:1114,_ZN7testing8internal19ThreadWithParamBaseD0Ev
FN:1114,_ZN7testing8internal19ThreadWithParamBaseD2Ev
FN:1288,_ZN7testing8internal26ThreadLocalValueHolderBaseD2Ev
FN:1288,_ZN7testing8internal26ThreadLocalValueHolderBaseD0Ev
FNDA:0,_ZN7testing8internal10scoped_ptrIKbEC2EPS2_
FNDA:0,_ZN7testing8internal10scoped_ptrINS0_9DeathTestEEC2EPS2_
FNDA:37,_ZN7testing8internal10scoped_ptrISt18basic_stringstreamIcSt11char_traitsIcESaIcEEEC2EPS6_
FNDA:0,_ZN7testing8internal10scoped_ptrIKbED2Ev
FNDA:0,_ZN7testing8internal10scoped_ptrINS0_9DeathTestEED2Ev
FNDA:3,_ZN7testing8internal10scoped_ptrISsED2Ev
FNDA:37,_ZN7testing8internal10scoped_ptrISt18basic_stringstreamIcSt11char_traitsIcESaIcEEED2Ev
FNDA:37,_ZNK7testing8internal10scoped_ptrISt18basic_stringstreamIcSt11char_traitsIcESaIcEEEdeEv
FNDA:0,_ZNK7testing8internal10scoped_ptrISsEptEv
FNDA:0,_ZNK7testing8internal10scoped_ptrIKbE3getEv
FNDA:0,_ZNK7testing8internal10scoped_ptrISsE3getEv
FNDA:0,_ZN7testing8internal10scoped_ptrIKbE5resetEPS2_
FNDA:0,_ZN7testing8internal10scoped_ptrINS0_9DeathTestEE5resetEPS2_
FNDA:37,_ZN7testing8internal10scoped_ptrISt18basic_stringstreamIcSt11char_traitsIcESaIcEEE5resetEPS6_
FNDA:3,_ZN7testing8internal10scoped_ptrISsE5resetEPSs
FNDA:0,_ZN7testing8internal2REC2EPKc
FNDA:0,_ZN7testing8internal8GTestLog9GetStreamEv
FNDA:0,_ZN7testing8internal27CheckedDowncastToActualTypeIKNS0_30ValuesInIteratorRangeGeneratorIbE8IteratorEKNS0_22ParamIteratorInterfaceIbEEEEPT_PT0_
FNDA:0,_ZN7testing8internal19ThreadWithParamBaseD0Ev
FNDA:0,_ZN7testing8internal19ThreadWithParamBaseD2Ev
FNDA:0,_ZN7testing8internal26ThreadLocalValueHolderBaseD0Ev
FNDA:0,_ZN7testing8internal26ThreadLocalValueHolderBaseD2Ev
FNF:22
FNH:6
BRDA:792,0,0,-
BRDA:792,0,1,-
BRDA:792,1,2,-
BRDA:792,1,3,-
BRDA:792,2,4,37
BRDA:792,2,5,0
BRDA:792,3,6,0
BRDA:792,3,7,3
BRDA:793,0,1,-
BRDA:793,0,2,-
BRDA:793,1,4,-
BRDA:793,1,5,-
BRDA:793,2,7,37
BRDA:793,2,8,0
BRDA:793,3,10,-
BRDA:793,3,11,-
BRDA:794,1,1,-
BRDA:794,1,2,-
BRDA:794,3,4,37
BRDA:794,3,5,0
BRDA:794,5,7,-
BRDA:794,5,8,-
BRDA:1031,0,0,-
BRDA:1031,0,1,-
BRDA:1031,1,4,-
BRDA:1031,1,5,-
BRDA:1031,3,9,-
BRDA:1031,3,10,-
BRDA:1032,0,0,-
BRDA:1032,0,1,-
BRDA:1114,2,2,-
BRDA:1114,2,3,-
BRDA:1288,2,2,-
BRDA:1288,2,3,-
BRF:34
BRH:4
DA:778,37
DA:779,40
DA:781,37
DA:782,0
DA:783,0
DA:791,40
DA:792,40
DA:793,37
DA:794,37
DA:796,37
DA:798,40
DA:824,0
DA:915,0
DA:1029,0
DA:1031,0
DA:1032,0
DA:1114,0
DA:1288,0
LF:18
LH:9
end_of_record
SF:/usr/include/gtest/internal/gtest-string.h
FN:218,_ZN7testing8internal6StringD2Ev
FNDA:208,_ZN7testing8internal6StringD2Ev
FNF:1
FNH:1
BRDA:218,0,0,207
BRDA:218,0,1,1
BRF:2
BRH:2
DA:218,208
LF:1
LH:1
end_of_record
